{"C:\\Users\\liemm\\Downloads\\menachi-simple_rest_backend-c6610ccfe45a\\menachi-simple_rest_backend-c6610ccfe45a\\server.js": {"path":"C:\\Users\\liemm\\Downloads\\menachi-simple_rest_backend-c6610ccfe45a\\menachi-simple_rest_backend-c6610ccfe45a\\server.js","statementMap":{"0":{"start":{"line":1,"column":15},"end":{"line":1,"column":41}},"1":{"start":{"line":2,"column":16},"end":{"line":2,"column":34}},"2":{"start":{"line":3,"column":12},"end":{"line":3,"column":21}},"3":{"start":{"line":4,"column":19},"end":{"line":4,"column":41}},"4":{"start":{"line":5,"column":17},"end":{"line":5,"column":36}},"5":{"start":{"line":8,"column":0},"end":{"line":25,"column":2}},"6":{"start":{"line":9,"column":22},"end":{"line":9,"column":51}},"7":{"start":{"line":10,"column":25},"end":{"line":10,"column":49}},"8":{"start":{"line":11,"column":20},"end":{"line":22,"column":5}},"9":{"start":{"line":23,"column":18},"end":{"line":23,"column":39}},"10":{"start":{"line":24,"column":4},"end":{"line":24,"column":66}},"11":{"start":{"line":29,"column":0},"end":{"line":29,"column":60}},"12":{"start":{"line":30,"column":0},"end":{"line":30,"column":26}},"13":{"start":{"line":37,"column":0},"end":{"line":37,"column":67}},"14":{"start":{"line":38,"column":11},"end":{"line":38,"column":30}},"15":{"start":{"line":39,"column":0},"end":{"line":39,"column":44}},"16":{"start":{"line":39,"column":22},"end":{"line":39,"column":42}},"17":{"start":{"line":40,"column":0},"end":{"line":40,"column":50}},"18":{"start":{"line":40,"column":20},"end":{"line":40,"column":48}},"19":{"start":{"line":42,"column":13},"end":{"line":42,"column":29}},"20":{"start":{"line":44,"column":20},"end":{"line":44,"column":45}},"21":{"start":{"line":45,"column":0},"end":{"line":45,"column":24}},"22":{"start":{"line":47,"column":20},"end":{"line":47,"column":53}},"23":{"start":{"line":48,"column":0},"end":{"line":48,"column":29}},"24":{"start":{"line":50,"column":19},"end":{"line":50,"column":50}},"25":{"start":{"line":51,"column":0},"end":{"line":51,"column":27}},"26":{"start":{"line":53,"column":19},"end":{"line":53,"column":50}},"27":{"start":{"line":54,"column":0},"end":{"line":54,"column":28}},"28":{"start":{"line":56,"column":19},"end":{"line":56,"column":56}},"29":{"start":{"line":57,"column":0},"end":{"line":57,"column":33}},"30":{"start":{"line":59,"column":15},"end":{"line":59,"column":48}},"31":{"start":{"line":60,"column":0},"end":{"line":60,"column":25}},"32":{"start":{"line":62,"column":16},"end":{"line":62,"column":48}},"33":{"start":{"line":63,"column":0},"end":{"line":63,"column":25}},"34":{"start":{"line":67,"column":0},"end":{"line":67,"column":20}}},"fnMap":{"0":{"name":"(anonymous_0)","decl":{"start":{"line":39,"column":14},"end":{"line":39,"column":15}},"loc":{"start":{"line":39,"column":21},"end":{"line":39,"column":43}},"line":39},"1":{"name":"(anonymous_1)","decl":{"start":{"line":40,"column":15},"end":{"line":40,"column":16}},"loc":{"start":{"line":40,"column":19},"end":{"line":40,"column":49}},"line":40}},"branchMap":{"0":{"loc":{"start":{"line":8,"column":0},"end":{"line":25,"column":2}},"type":"if","locations":[{"start":{"line":8,"column":0},"end":{"line":25,"column":2}},{"start":{},"end":{}}],"line":8}},"s":{"0":7,"1":7,"2":7,"3":7,"4":7,"5":7,"6":0,"7":0,"8":0,"9":0,"10":0,"11":7,"12":7,"13":7,"14":7,"15":7,"16":0,"17":7,"18":7,"19":7,"20":7,"21":7,"22":7,"23":7,"24":7,"25":7,"26":7,"27":7,"28":7,"29":7,"30":7,"31":7,"32":7,"33":7,"34":7},"f":{"0":0,"1":7},"b":{"0":[0,7]},"_coverageSchema":"1a1c01bbd47fc00a2c39e90264f33305004495a9","hash":"73d3d6aa6d65811a4885662b7de9d6d36f8ffc01"}
,"C:\\Users\\liemm\\Downloads\\menachi-simple_rest_backend-c6610ccfe45a\\menachi-simple_rest_backend-c6610ccfe45a\\common\\auth_middleware.js": {"path":"C:\\Users\\liemm\\Downloads\\menachi-simple_rest_backend-c6610ccfe45a\\menachi-simple_rest_backend-c6610ccfe45a\\common\\auth_middleware.js","statementMap":{"0":{"start":{"line":2,"column":12},"end":{"line":2,"column":35}},"1":{"start":{"line":4,"column":21},"end":{"line":14,"column":1}},"2":{"start":{"line":5,"column":23},"end":{"line":5,"column":51}},"3":{"start":{"line":6,"column":18},"end":{"line":6,"column":56}},"4":{"start":{"line":7,"column":4},"end":{"line":7,"column":52}},"5":{"start":{"line":7,"column":23},"end":{"line":7,"column":52}},"6":{"start":{"line":9,"column":4},"end":{"line":13,"column":6}},"7":{"start":{"line":10,"column":8},"end":{"line":10,"column":57}},"8":{"start":{"line":10,"column":17},"end":{"line":10,"column":57}},"9":{"start":{"line":11,"column":8},"end":{"line":11,"column":23}},"10":{"start":{"line":12,"column":8},"end":{"line":12,"column":14}},"11":{"start":{"line":16,"column":0},"end":{"line":16,"column":29}}},"fnMap":{"0":{"name":"(anonymous_0)","decl":{"start":{"line":4,"column":21},"end":{"line":4,"column":22}},"loc":{"start":{"line":4,"column":37},"end":{"line":14,"column":1}},"line":4},"1":{"name":"(anonymous_1)","decl":{"start":{"line":9,"column":53},"end":{"line":9,"column":54}},"loc":{"start":{"line":9,"column":65},"end":{"line":13,"column":5}},"line":9}},"branchMap":{"0":{"loc":{"start":{"line":6,"column":18},"end":{"line":6,"column":56}},"type":"binary-expr","locations":[{"start":{"line":6,"column":18},"end":{"line":6,"column":28}},{"start":{"line":6,"column":32},"end":{"line":6,"column":56}}],"line":6},"1":{"loc":{"start":{"line":7,"column":4},"end":{"line":7,"column":52}},"type":"if","locations":[{"start":{"line":7,"column":4},"end":{"line":7,"column":52}},{"start":{},"end":{}}],"line":7},"2":{"loc":{"start":{"line":10,"column":8},"end":{"line":10,"column":57}},"type":"if","locations":[{"start":{"line":10,"column":8},"end":{"line":10,"column":57}},{"start":{},"end":{}}],"line":10}},"s":{"0":7,"1":7,"2":16,"3":16,"4":16,"5":0,"6":16,"7":16,"8":0,"9":16,"10":16,"11":7},"f":{"0":16,"1":16},"b":{"0":[16,16],"1":[0,16],"2":[0,16]},"_coverageSchema":"1a1c01bbd47fc00a2c39e90264f33305004495a9","hash":"05026c309d8e969a1c116993072ec49f40820327"}
,"C:\\Users\\liemm\\Downloads\\menachi-simple_rest_backend-c6610ccfe45a\\menachi-simple_rest_backend-c6610ccfe45a\\controllers\\auth.js": {"path":"C:\\Users\\liemm\\Downloads\\menachi-simple_rest_backend-c6610ccfe45a\\menachi-simple_rest_backend-c6610ccfe45a\\controllers\\auth.js","statementMap":{"0":{"start":{"line":1,"column":13},"end":{"line":1,"column":44}},"1":{"start":{"line":2,"column":15},"end":{"line":2,"column":32}},"2":{"start":{"line":3,"column":16},"end":{"line":3,"column":36}},"3":{"start":{"line":4,"column":12},"end":{"line":4,"column":35}},"4":{"start":{"line":6,"column":18},"end":{"line":11,"column":1}},"5":{"start":{"line":7,"column":4},"end":{"line":10,"column":6}},"6":{"start":{"line":13,"column":17},"end":{"line":63,"column":1}},"7":{"start":{"line":14,"column":21},"end":{"line":14,"column":38}},"8":{"start":{"line":15,"column":21},"end":{"line":15,"column":38}},"9":{"start":{"line":16,"column":18},"end":{"line":16,"column":32}},"10":{"start":{"line":17,"column":19},"end":{"line":17,"column":34}},"11":{"start":{"line":18,"column":16},"end":{"line":18,"column":28}},"12":{"start":{"line":19,"column":16},"end":{"line":19,"column":28}},"13":{"start":{"line":20,"column":21},"end":{"line":20,"column":38}},"14":{"start":{"line":21,"column":22},"end":{"line":21,"column":40}},"15":{"start":{"line":22,"column":23},"end":{"line":22,"column":42}},"16":{"start":{"line":23,"column":23},"end":{"line":23,"column":45}},"17":{"start":{"line":24,"column":20},"end":{"line":24,"column":36}},"18":{"start":{"line":25,"column":22},"end":{"line":25,"column":41}},"19":{"start":{"line":26,"column":18},"end":{"line":26,"column":32}},"20":{"start":{"line":28,"column":4},"end":{"line":62,"column":5}},"21":{"start":{"line":29,"column":23},"end":{"line":29,"column":66}},"22":{"start":{"line":30,"column":8},"end":{"line":35,"column":9}},"23":{"start":{"line":31,"column":12},"end":{"line":34,"column":14}},"24":{"start":{"line":36,"column":21},"end":{"line":36,"column":45}},"25":{"start":{"line":37,"column":24},"end":{"line":37,"column":56}},"26":{"start":{"line":39,"column":21},"end":{"line":53,"column":10}},"27":{"start":{"line":54,"column":8},"end":{"line":54,"column":36}},"28":{"start":{"line":55,"column":8},"end":{"line":55,"column":37}},"29":{"start":{"line":58,"column":8},"end":{"line":61,"column":10}},"30":{"start":{"line":66,"column":14},"end":{"line":98,"column":1}},"31":{"start":{"line":67,"column":21},"end":{"line":67,"column":38}},"32":{"start":{"line":68,"column":21},"end":{"line":68,"column":38}},"33":{"start":{"line":69,"column":4},"end":{"line":69,"column":100}},"34":{"start":{"line":69,"column":46},"end":{"line":69,"column":100}},"35":{"start":{"line":71,"column":4},"end":{"line":96,"column":5}},"36":{"start":{"line":72,"column":21},"end":{"line":72,"column":65}},"37":{"start":{"line":73,"column":8},"end":{"line":73,"column":80}},"38":{"start":{"line":73,"column":26},"end":{"line":73,"column":80}},"39":{"start":{"line":75,"column":22},"end":{"line":75,"column":67}},"40":{"start":{"line":76,"column":8},"end":{"line":76,"column":74}},"41":{"start":{"line":76,"column":20},"end":{"line":76,"column":74}},"42":{"start":{"line":78,"column":28},"end":{"line":82,"column":13}},"43":{"start":{"line":83,"column":29},"end":{"line":86,"column":9}},"44":{"start":{"line":87,"column":8},"end":{"line":88,"column":44}},"45":{"start":{"line":87,"column":33},"end":{"line":87,"column":61}},"46":{"start":{"line":88,"column":13},"end":{"line":88,"column":44}},"47":{"start":{"line":89,"column":8},"end":{"line":89,"column":26}},"48":{"start":{"line":90,"column":8},"end":{"line":92,"column":43}},"49":{"start":{"line":95,"column":8},"end":{"line":95,"column":45}},"50":{"start":{"line":100,"column":21},"end":{"line":131,"column":1}},"51":{"start":{"line":101,"column":4},"end":{"line":101,"column":46}},"52":{"start":{"line":102,"column":18},"end":{"line":102,"column":58}},"53":{"start":{"line":103,"column":4},"end":{"line":103,"column":51}},"54":{"start":{"line":103,"column":23},"end":{"line":103,"column":51}},"55":{"start":{"line":105,"column":4},"end":{"line":130,"column":6}},"56":{"start":{"line":106,"column":8},"end":{"line":106,"column":57}},"57":{"start":{"line":106,"column":17},"end":{"line":106,"column":57}},"58":{"start":{"line":107,"column":23},"end":{"line":107,"column":34}},"59":{"start":{"line":108,"column":8},"end":{"line":129,"column":9}},"60":{"start":{"line":109,"column":8},"end":{"line":109,"column":42}},"61":{"start":{"line":110,"column":8},"end":{"line":110,"column":67}},"62":{"start":{"line":110,"column":26},"end":{"line":110,"column":67}},"63":{"start":{"line":111,"column":8},"end":{"line":115,"column":9}},"64":{"start":{"line":112,"column":12},"end":{"line":112,"column":26}},"65":{"start":{"line":113,"column":12},"end":{"line":113,"column":29}},"66":{"start":{"line":114,"column":12},"end":{"line":114,"column":58}},"67":{"start":{"line":116,"column":28},"end":{"line":119,"column":60}},"68":{"start":{"line":120,"column":29},"end":{"line":122,"column":45}},"69":{"start":{"line":124,"column":8},"end":{"line":124,"column":62}},"70":{"start":{"line":125,"column":8},"end":{"line":125,"column":25}},"71":{"start":{"line":126,"column":8},"end":{"line":126,"column":89}},"72":{"start":{"line":128,"column":12},"end":{"line":128,"column":45}},"73":{"start":{"line":134,"column":15},"end":{"line":156,"column":1}},"74":{"start":{"line":135,"column":4},"end":{"line":135,"column":46}},"75":{"start":{"line":136,"column":18},"end":{"line":136,"column":58}},"76":{"start":{"line":137,"column":4},"end":{"line":137,"column":50}},"77":{"start":{"line":137,"column":22},"end":{"line":137,"column":50}},"78":{"start":{"line":138,"column":4},"end":{"line":155,"column":6}},"79":{"start":{"line":139,"column":8},"end":{"line":139,"column":57}},"80":{"start":{"line":139,"column":17},"end":{"line":139,"column":57}},"81":{"start":{"line":140,"column":23},"end":{"line":140,"column":34}},"82":{"start":{"line":141,"column":8},"end":{"line":154,"column":9}},"83":{"start":{"line":142,"column":12},"end":{"line":142,"column":46}},"84":{"start":{"line":143,"column":12},"end":{"line":143,"column":76}},"85":{"start":{"line":143,"column":30},"end":{"line":143,"column":76}},"86":{"start":{"line":144,"column":12},"end":{"line":148,"column":13}},"87":{"start":{"line":145,"column":16},"end":{"line":145,"column":32}},"88":{"start":{"line":146,"column":16},"end":{"line":146,"column":33}},"89":{"start":{"line":147,"column":16},"end":{"line":147,"column":62}},"90":{"start":{"line":149,"column":12},"end":{"line":149,"column":61}},"91":{"start":{"line":150,"column":12},"end":{"line":150,"column":29}},"92":{"start":{"line":151,"column":12},"end":{"line":151,"column":35}},"93":{"start":{"line":153,"column":12},"end":{"line":153,"column":45}},"94":{"start":{"line":158,"column":34},"end":{"line":169,"column":1}},"95":{"start":{"line":159,"column":4},"end":{"line":168,"column":5}},"96":{"start":{"line":161,"column":21},"end":{"line":161,"column":76}},"97":{"start":{"line":162,"column":8},"end":{"line":162,"column":34}},"98":{"start":{"line":164,"column":8},"end":{"line":167,"column":10}},"99":{"start":{"line":171,"column":0},"end":{"line":177,"column":1}}},"fnMap":{"0":{"name":"(anonymous_0)","decl":{"start":{"line":6,"column":18},"end":{"line":6,"column":19}},"loc":{"start":{"line":6,"column":34},"end":{"line":11,"column":1}},"line":6},"1":{"name":"(anonymous_1)","decl":{"start":{"line":13,"column":17},"end":{"line":13,"column":18}},"loc":{"start":{"line":13,"column":37},"end":{"line":63,"column":1}},"line":13},"2":{"name":"(anonymous_2)","decl":{"start":{"line":66,"column":14},"end":{"line":66,"column":15}},"loc":{"start":{"line":66,"column":34},"end":{"line":98,"column":1}},"line":66},"3":{"name":"(anonymous_3)","decl":{"start":{"line":100,"column":21},"end":{"line":100,"column":22}},"loc":{"start":{"line":100,"column":46},"end":{"line":131,"column":1}},"line":100},"4":{"name":"(anonymous_4)","decl":{"start":{"line":105,"column":56},"end":{"line":105,"column":57}},"loc":{"start":{"line":105,"column":78},"end":{"line":130,"column":5}},"line":105},"5":{"name":"(anonymous_5)","decl":{"start":{"line":134,"column":15},"end":{"line":134,"column":16}},"loc":{"start":{"line":134,"column":41},"end":{"line":156,"column":1}},"line":134},"6":{"name":"(anonymous_6)","decl":{"start":{"line":138,"column":56},"end":{"line":138,"column":57}},"loc":{"start":{"line":138,"column":80},"end":{"line":155,"column":5}},"line":138},"7":{"name":"(anonymous_7)","decl":{"start":{"line":158,"column":34},"end":{"line":158,"column":35}},"loc":{"start":{"line":158,"column":54},"end":{"line":169,"column":1}},"line":158}},"branchMap":{"0":{"loc":{"start":{"line":30,"column":8},"end":{"line":35,"column":9}},"type":"if","locations":[{"start":{"line":30,"column":8},"end":{"line":35,"column":9}},{"start":{},"end":{}}],"line":30},"1":{"loc":{"start":{"line":69,"column":4},"end":{"line":69,"column":100}},"type":"if","locations":[{"start":{"line":69,"column":4},"end":{"line":69,"column":100}},{"start":{},"end":{}}],"line":69},"2":{"loc":{"start":{"line":69,"column":8},"end":{"line":69,"column":44}},"type":"binary-expr","locations":[{"start":{"line":69,"column":8},"end":{"line":69,"column":24}},{"start":{"line":69,"column":28},"end":{"line":69,"column":44}}],"line":69},"3":{"loc":{"start":{"line":73,"column":8},"end":{"line":73,"column":80}},"type":"if","locations":[{"start":{"line":73,"column":8},"end":{"line":73,"column":80}},{"start":{},"end":{}}],"line":73},"4":{"loc":{"start":{"line":76,"column":8},"end":{"line":76,"column":74}},"type":"if","locations":[{"start":{"line":76,"column":8},"end":{"line":76,"column":74}},{"start":{},"end":{}}],"line":76},"5":{"loc":{"start":{"line":87,"column":8},"end":{"line":88,"column":44}},"type":"if","locations":[{"start":{"line":87,"column":8},"end":{"line":88,"column":44}},{"start":{"line":88,"column":13},"end":{"line":88,"column":44}}],"line":87},"6":{"loc":{"start":{"line":102,"column":18},"end":{"line":102,"column":58}},"type":"binary-expr","locations":[{"start":{"line":102,"column":18},"end":{"line":102,"column":29}},{"start":{"line":102,"column":33},"end":{"line":102,"column":58}}],"line":102},"7":{"loc":{"start":{"line":103,"column":4},"end":{"line":103,"column":51}},"type":"if","locations":[{"start":{"line":103,"column":4},"end":{"line":103,"column":51}},{"start":{},"end":{}}],"line":103},"8":{"loc":{"start":{"line":106,"column":8},"end":{"line":106,"column":57}},"type":"if","locations":[{"start":{"line":106,"column":8},"end":{"line":106,"column":57}},{"start":{},"end":{}}],"line":106},"9":{"loc":{"start":{"line":110,"column":8},"end":{"line":110,"column":67}},"type":"if","locations":[{"start":{"line":110,"column":8},"end":{"line":110,"column":67}},{"start":{},"end":{}}],"line":110},"10":{"loc":{"start":{"line":111,"column":8},"end":{"line":115,"column":9}},"type":"if","locations":[{"start":{"line":111,"column":8},"end":{"line":115,"column":9}},{"start":{},"end":{}}],"line":111},"11":{"loc":{"start":{"line":136,"column":18},"end":{"line":136,"column":58}},"type":"binary-expr","locations":[{"start":{"line":136,"column":18},"end":{"line":136,"column":29}},{"start":{"line":136,"column":33},"end":{"line":136,"column":58}}],"line":136},"12":{"loc":{"start":{"line":137,"column":4},"end":{"line":137,"column":50}},"type":"if","locations":[{"start":{"line":137,"column":4},"end":{"line":137,"column":50}},{"start":{},"end":{}}],"line":137},"13":{"loc":{"start":{"line":139,"column":8},"end":{"line":139,"column":57}},"type":"if","locations":[{"start":{"line":139,"column":8},"end":{"line":139,"column":57}},{"start":{},"end":{}}],"line":139},"14":{"loc":{"start":{"line":143,"column":12},"end":{"line":143,"column":76}},"type":"if","locations":[{"start":{"line":143,"column":12},"end":{"line":143,"column":76}},{"start":{},"end":{}}],"line":143},"15":{"loc":{"start":{"line":144,"column":12},"end":{"line":148,"column":13}},"type":"if","locations":[{"start":{"line":144,"column":12},"end":{"line":148,"column":13}},{"start":{},"end":{}}],"line":144}},"s":{"0":7,"1":7,"2":7,"3":7,"4":7,"5":1,"6":7,"7":9,"8":9,"9":9,"10":9,"11":9,"12":9,"13":9,"14":9,"15":9,"16":9,"17":9,"18":9,"19":9,"20":9,"21":9,"22":9,"23":1,"24":8,"25":8,"26":8,"27":8,"28":8,"29":0,"30":7,"31":8,"32":8,"33":8,"34":0,"35":8,"36":8,"37":8,"38":1,"39":7,"40":7,"41":0,"42":7,"43":7,"44":7,"45":0,"46":7,"47":7,"48":7,"49":0,"50":7,"51":1,"52":1,"53":1,"54":0,"55":1,"56":1,"57":0,"58":1,"59":1,"60":1,"61":1,"62":0,"63":1,"64":0,"65":0,"66":0,"67":1,"68":1,"69":1,"70":1,"71":1,"72":0,"73":7,"74":1,"75":1,"76":1,"77":0,"78":1,"79":1,"80":0,"81":1,"82":1,"83":1,"84":1,"85":0,"86":1,"87":0,"88":0,"89":0,"90":1,"91":1,"92":1,"93":0,"94":7,"95":0,"96":0,"97":0,"98":0,"99":7},"f":{"0":1,"1":9,"2":8,"3":1,"4":1,"5":1,"6":1,"7":0},"b":{"0":[1,8],"1":[0,8],"2":[8,8],"3":[1,7],"4":[0,7],"5":[0,7],"6":[1,1],"7":[0,1],"8":[0,1],"9":[0,1],"10":[0,1],"11":[1,1],"12":[0,1],"13":[0,1],"14":[0,1],"15":[0,1]},"_coverageSchema":"1a1c01bbd47fc00a2c39e90264f33305004495a9","hash":"68abf041d6ca210888c07e8a481fbc3ef093901d"}
,"C:\\Users\\liemm\\Downloads\\menachi-simple_rest_backend-c6610ccfe45a\\menachi-simple_rest_backend-c6610ccfe45a\\controllers\\candidates.js": {"path":"C:\\Users\\liemm\\Downloads\\menachi-simple_rest_backend-c6610ccfe45a\\menachi-simple_rest_backend-c6610ccfe45a\\controllers\\candidates.js","statementMap":{"0":{"start":{"line":1,"column":18},"end":{"line":1,"column":50}},"1":{"start":{"line":2,"column":14},"end":{"line":2,"column":45}},"2":{"start":{"line":3,"column":16},"end":{"line":3,"column":36}},"3":{"start":{"line":6,"column":22},"end":{"line":13,"column":1}},"4":{"start":{"line":7,"column":4},"end":{"line":7,"column":70}},"5":{"start":{"line":8,"column":20},"end":{"line":8,"column":22}},"6":{"start":{"line":9,"column":4},"end":{"line":11,"column":5}},"7":{"start":{"line":9,"column":14},"end":{"line":9,"column":15}},"8":{"start":{"line":10,"column":9},"end":{"line":10,"column":74}},"9":{"start":{"line":12,"column":4},"end":{"line":12,"column":34}},"10":{"start":{"line":15,"column":0},"end":{"line":17,"column":1}}},"fnMap":{"0":{"name":"(anonymous_0)","decl":{"start":{"line":6,"column":22},"end":{"line":6,"column":23}},"loc":{"start":{"line":6,"column":40},"end":{"line":13,"column":1}},"line":6}},"branchMap":{},"s":{"0":7,"1":7,"2":7,"3":7,"4":1,"5":1,"6":1,"7":1,"8":1,"9":1,"10":7},"f":{"0":1},"b":{},"_coverageSchema":"1a1c01bbd47fc00a2c39e90264f33305004495a9","hash":"22c3b81eaddc0137fa4b9f79224b3f8ed5520217"}
,"C:\\Users\\liemm\\Downloads\\menachi-simple_rest_backend-c6610ccfe45a\\menachi-simple_rest_backend-c6610ccfe45a\\controllers\\offers.js": {"path":"C:\\Users\\liemm\\Downloads\\menachi-simple_rest_backend-c6610ccfe45a\\menachi-simple_rest_backend-c6610ccfe45a\\controllers\\offers.js","statementMap":{"0":{"start":{"line":1,"column":14},"end":{"line":1,"column":46}},"1":{"start":{"line":3,"column":18},"end":{"line":10,"column":1}},"2":{"start":{"line":4,"column":4},"end":{"line":9,"column":5}},"3":{"start":{"line":5,"column":8},"end":{"line":5,"column":35}},"4":{"start":{"line":6,"column":8},"end":{"line":6,"column":36}},"5":{"start":{"line":12,"column":21},"end":{"line":30,"column":1}},"6":{"start":{"line":13,"column":4},"end":{"line":29,"column":5}},"7":{"start":{"line":14,"column":23},"end":{"line":14,"column":69}},"8":{"start":{"line":15,"column":8},"end":{"line":23,"column":9}},"9":{"start":{"line":16,"column":12},"end":{"line":19,"column":14}},"10":{"start":{"line":22,"column":12},"end":{"line":22,"column":40}},"11":{"start":{"line":25,"column":8},"end":{"line":28,"column":10}},"12":{"start":{"line":32,"column":20},"end":{"line":61,"column":1}},"13":{"start":{"line":33,"column":24},"end":{"line":33,"column":44}},"14":{"start":{"line":34,"column":20},"end":{"line":34,"column":37}},"15":{"start":{"line":35,"column":23},"end":{"line":35,"column":42}},"16":{"start":{"line":36,"column":18},"end":{"line":36,"column":32}},"17":{"start":{"line":37,"column":20},"end":{"line":37,"column":36}},"18":{"start":{"line":38,"column":20},"end":{"line":38,"column":35}},"19":{"start":{"line":39,"column":24},"end":{"line":39,"column":43}},"20":{"start":{"line":40,"column":18},"end":{"line":40,"column":31}},"21":{"start":{"line":41,"column":19},"end":{"line":41,"column":33}},"22":{"start":{"line":42,"column":29},"end":{"line":42,"column":53}},"23":{"start":{"line":44,"column":18},"end":{"line":55,"column":6}},"24":{"start":{"line":57,"column":19},"end":{"line":57,"column":37}},"25":{"start":{"line":58,"column":4},"end":{"line":58,"column":32}},"26":{"start":{"line":63,"column":20},"end":{"line":75,"column":1}},"27":{"start":{"line":65,"column":8},"end":{"line":65,"column":70}},"28":{"start":{"line":66,"column":8},"end":{"line":73,"column":15}},"29":{"start":{"line":69,"column":12},"end":{"line":71,"column":13}},"30":{"start":{"line":70,"column":14},"end":{"line":70,"column":43}},"31":{"start":{"line":72,"column":12},"end":{"line":72,"column":35}},"32":{"start":{"line":77,"column":18},"end":{"line":96,"column":1}},"33":{"start":{"line":78,"column":22},"end":{"line":89,"column":5}},"34":{"start":{"line":91,"column":4},"end":{"line":95,"column":7}},"35":{"start":{"line":94,"column":8},"end":{"line":94,"column":35}},"36":{"start":{"line":101,"column":0},"end":{"line":107,"column":1}}},"fnMap":{"0":{"name":"(anonymous_0)","decl":{"start":{"line":3,"column":18},"end":{"line":3,"column":19}},"loc":{"start":{"line":3,"column":38},"end":{"line":10,"column":1}},"line":3},"1":{"name":"(anonymous_1)","decl":{"start":{"line":12,"column":21},"end":{"line":12,"column":22}},"loc":{"start":{"line":12,"column":41},"end":{"line":30,"column":1}},"line":12},"2":{"name":"(anonymous_2)","decl":{"start":{"line":32,"column":20},"end":{"line":32,"column":21}},"loc":{"start":{"line":32,"column":40},"end":{"line":61,"column":1}},"line":32},"3":{"name":"(anonymous_3)","decl":{"start":{"line":63,"column":20},"end":{"line":63,"column":21}},"loc":{"start":{"line":63,"column":39},"end":{"line":75,"column":1}},"line":63},"4":{"name":"(anonymous_4)","decl":{"start":{"line":68,"column":15},"end":{"line":68,"column":16}},"loc":{"start":{"line":68,"column":30},"end":{"line":73,"column":13}},"line":68},"5":{"name":"(anonymous_5)","decl":{"start":{"line":77,"column":18},"end":{"line":77,"column":19}},"loc":{"start":{"line":77,"column":37},"end":{"line":96,"column":1}},"line":77},"6":{"name":"(anonymous_6)","decl":{"start":{"line":93,"column":25},"end":{"line":93,"column":26}},"loc":{"start":{"line":93,"column":48},"end":{"line":95,"column":5}},"line":93}},"branchMap":{"0":{"loc":{"start":{"line":15,"column":8},"end":{"line":23,"column":9}},"type":"if","locations":[{"start":{"line":15,"column":8},"end":{"line":23,"column":9}},{"start":{"line":21,"column":13},"end":{"line":23,"column":9}}],"line":15},"1":{"loc":{"start":{"line":69,"column":12},"end":{"line":71,"column":13}},"type":"if","locations":[{"start":{"line":69,"column":12},"end":{"line":71,"column":13}},{"start":{},"end":{}}],"line":69}},"s":{"0":7,"1":7,"2":1,"3":1,"4":1,"5":7,"6":2,"7":2,"8":2,"9":1,"10":1,"11":1,"12":7,"13":3,"14":3,"15":3,"16":3,"17":3,"18":3,"19":3,"20":3,"21":3,"22":3,"23":3,"24":3,"25":3,"26":7,"27":1,"28":1,"29":1,"30":0,"31":1,"32":7,"33":1,"34":1,"35":1,"36":7},"f":{"0":1,"1":2,"2":3,"3":1,"4":1,"5":1,"6":1},"b":{"0":[1,1],"1":[0,1]},"_coverageSchema":"1a1c01bbd47fc00a2c39e90264f33305004495a9","hash":"b09c18052029c81243b44fed2cb495f6383cf081"}
,"C:\\Users\\liemm\\Downloads\\menachi-simple_rest_backend-c6610ccfe45a\\menachi-simple_rest_backend-c6610ccfe45a\\controllers\\search.js": {"path":"C:\\Users\\liemm\\Downloads\\menachi-simple_rest_backend-c6610ccfe45a\\menachi-simple_rest_backend-c6610ccfe45a\\controllers\\search.js","statementMap":{"0":{"start":{"line":1,"column":14},"end":{"line":1,"column":46}},"1":{"start":{"line":3,"column":31},"end":{"line":27,"column":1}},"2":{"start":{"line":5,"column":15},"end":{"line":5,"column":36}},"3":{"start":{"line":7,"column":4},"end":{"line":26,"column":5}},"4":{"start":{"line":9,"column":24},"end":{"line":9,"column":72}},"5":{"start":{"line":10,"column":24},"end":{"line":10,"column":79}},"6":{"start":{"line":11,"column":24},"end":{"line":11,"column":76}},"7":{"start":{"line":12,"column":24},"end":{"line":12,"column":67}},"8":{"start":{"line":13,"column":24},"end":{"line":13,"column":78}},"9":{"start":{"line":14,"column":24},"end":{"line":14,"column":73}},"10":{"start":{"line":16,"column":23},"end":{"line":16,"column":25}},"11":{"start":{"line":16,"column":37},"end":{"line":16,"column":39}},"12":{"start":{"line":17,"column":8},"end":{"line":17,"column":28}},"13":{"start":{"line":17,"column":29},"end":{"line":17,"column":49}},"14":{"start":{"line":17,"column":50},"end":{"line":17,"column":70}},"15":{"start":{"line":17,"column":70},"end":{"line":17,"column":90}},"16":{"start":{"line":17,"column":90},"end":{"line":17,"column":108}},"17":{"start":{"line":18,"column":22},"end":{"line":18,"column":50}},"18":{"start":{"line":18,"column":41},"end":{"line":18,"column":49}},"19":{"start":{"line":20,"column":8},"end":{"line":20,"column":44}},"20":{"start":{"line":22,"column":8},"end":{"line":25,"column":10}},"21":{"start":{"line":29,"column":35},"end":{"line":131,"column":1}},"22":{"start":{"line":30,"column":4},"end":{"line":30,"column":56}},"23":{"start":{"line":31,"column":22},"end":{"line":31,"column":44}},"24":{"start":{"line":32,"column":19},"end":{"line":32,"column":38}},"25":{"start":{"line":33,"column":19},"end":{"line":33,"column":38}},"26":{"start":{"line":34,"column":17},"end":{"line":34,"column":34}},"27":{"start":{"line":35,"column":20},"end":{"line":35,"column":40}},"28":{"start":{"line":36,"column":18},"end":{"line":36,"column":36}},"29":{"start":{"line":38,"column":15},"end":{"line":38,"column":30}},"30":{"start":{"line":40,"column":4},"end":{"line":130,"column":5}},"31":{"start":{"line":41,"column":21},"end":{"line":41,"column":23}},"32":{"start":{"line":42,"column":17},"end":{"line":42,"column":22}},"33":{"start":{"line":44,"column":8},"end":{"line":49,"column":9}},"34":{"start":{"line":45,"column":12},"end":{"line":45,"column":67}},"35":{"start":{"line":46,"column":12},"end":{"line":46,"column":22}},"36":{"start":{"line":51,"column":8},"end":{"line":59,"column":9}},"37":{"start":{"line":52,"column":12},"end":{"line":58,"column":13}},"38":{"start":{"line":53,"column":16},"end":{"line":53,"column":69}},"39":{"start":{"line":53,"column":51},"end":{"line":53,"column":66}},"40":{"start":{"line":56,"column":16},"end":{"line":56,"column":57}},"41":{"start":{"line":57,"column":16},"end":{"line":57,"column":26}},"42":{"start":{"line":61,"column":16},"end":{"line":73,"column":9}},"43":{"start":{"line":63,"column":12},"end":{"line":72,"column":13}},"44":{"start":{"line":64,"column":16},"end":{"line":64,"column":100}},"45":{"start":{"line":64,"column":52},"end":{"line":64,"column":96}},"46":{"start":{"line":66,"column":16},"end":{"line":66,"column":26}},"47":{"start":{"line":68,"column":16},"end":{"line":68,"column":90}},"48":{"start":{"line":70,"column":16},"end":{"line":70,"column":26}},"49":{"start":{"line":75,"column":8},"end":{"line":84,"column":9}},"50":{"start":{"line":76,"column":12},"end":{"line":82,"column":13}},"51":{"start":{"line":77,"column":16},"end":{"line":77,"column":77}},"52":{"start":{"line":77,"column":51},"end":{"line":77,"column":74}},"53":{"start":{"line":80,"column":16},"end":{"line":80,"column":65}},"54":{"start":{"line":81,"column":16},"end":{"line":81,"column":26}},"55":{"start":{"line":103,"column":8},"end":{"line":121,"column":9}},"56":{"start":{"line":105,"column":12},"end":{"line":120,"column":13}},"57":{"start":{"line":106,"column":16},"end":{"line":106,"column":96}},"58":{"start":{"line":106,"column":51},"end":{"line":106,"column":93}},"59":{"start":{"line":109,"column":16},"end":{"line":109,"column":98}},"60":{"start":{"line":109,"column":51},"end":{"line":109,"column":95}},"61":{"start":{"line":114,"column":16},"end":{"line":116,"column":20}},"62":{"start":{"line":118,"column":16},"end":{"line":118,"column":26}},"63":{"start":{"line":124,"column":8},"end":{"line":124,"column":37}},"64":{"start":{"line":126,"column":8},"end":{"line":129,"column":10}},"65":{"start":{"line":134,"column":0},"end":{"line":137,"column":1}}},"fnMap":{"0":{"name":"(anonymous_0)","decl":{"start":{"line":3,"column":31},"end":{"line":3,"column":32}},"loc":{"start":{"line":3,"column":51},"end":{"line":27,"column":1}},"line":3},"1":{"name":"(anonymous_1)","decl":{"start":{"line":18,"column":36},"end":{"line":18,"column":37}},"loc":{"start":{"line":18,"column":41},"end":{"line":18,"column":49}},"line":18},"2":{"name":"(anonymous_2)","decl":{"start":{"line":29,"column":35},"end":{"line":29,"column":36}},"loc":{"start":{"line":29,"column":55},"end":{"line":131,"column":1}},"line":29},"3":{"name":"(anonymous_3)","decl":{"start":{"line":53,"column":46},"end":{"line":53,"column":47}},"loc":{"start":{"line":53,"column":51},"end":{"line":53,"column":66}},"line":53},"4":{"name":"(anonymous_4)","decl":{"start":{"line":64,"column":46},"end":{"line":64,"column":47}},"loc":{"start":{"line":64,"column":52},"end":{"line":64,"column":96}},"line":64},"5":{"name":"(anonymous_5)","decl":{"start":{"line":77,"column":46},"end":{"line":77,"column":47}},"loc":{"start":{"line":77,"column":51},"end":{"line":77,"column":74}},"line":77},"6":{"name":"(anonymous_6)","decl":{"start":{"line":106,"column":46},"end":{"line":106,"column":47}},"loc":{"start":{"line":106,"column":51},"end":{"line":106,"column":93}},"line":106},"7":{"name":"(anonymous_7)","decl":{"start":{"line":109,"column":46},"end":{"line":109,"column":47}},"loc":{"start":{"line":109,"column":51},"end":{"line":109,"column":95}},"line":109}},"branchMap":{"0":{"loc":{"start":{"line":44,"column":8},"end":{"line":49,"column":9}},"type":"if","locations":[{"start":{"line":44,"column":8},"end":{"line":49,"column":9}},{"start":{},"end":{}}],"line":44},"1":{"loc":{"start":{"line":51,"column":8},"end":{"line":59,"column":9}},"type":"if","locations":[{"start":{"line":51,"column":8},"end":{"line":59,"column":9}},{"start":{},"end":{}}],"line":51},"2":{"loc":{"start":{"line":52,"column":12},"end":{"line":58,"column":13}},"type":"if","locations":[{"start":{"line":52,"column":12},"end":{"line":58,"column":13}},{"start":{"line":55,"column":17},"end":{"line":58,"column":13}}],"line":52},"3":{"loc":{"start":{"line":61,"column":16},"end":{"line":73,"column":9}},"type":"if","locations":[{"start":{"line":61,"column":16},"end":{"line":73,"column":9}},{"start":{},"end":{}}],"line":61},"4":{"loc":{"start":{"line":61,"column":20},"end":{"line":61,"column":56}},"type":"binary-expr","locations":[{"start":{"line":61,"column":20},"end":{"line":61,"column":38}},{"start":{"line":61,"column":40},"end":{"line":61,"column":56}}],"line":61},"5":{"loc":{"start":{"line":63,"column":12},"end":{"line":72,"column":13}},"type":"if","locations":[{"start":{"line":63,"column":12},"end":{"line":72,"column":13}},{"start":{"line":67,"column":17},"end":{"line":72,"column":13}}],"line":63},"6":{"loc":{"start":{"line":64,"column":52},"end":{"line":64,"column":96}},"type":"binary-expr","locations":[{"start":{"line":64,"column":52},"end":{"line":64,"column":73}},{"start":{"line":64,"column":77},"end":{"line":64,"column":96}}],"line":64},"7":{"loc":{"start":{"line":75,"column":8},"end":{"line":84,"column":9}},"type":"if","locations":[{"start":{"line":75,"column":8},"end":{"line":84,"column":9}},{"start":{},"end":{}}],"line":75},"8":{"loc":{"start":{"line":76,"column":12},"end":{"line":82,"column":13}},"type":"if","locations":[{"start":{"line":76,"column":12},"end":{"line":82,"column":13}},{"start":{"line":79,"column":17},"end":{"line":82,"column":13}}],"line":76},"9":{"loc":{"start":{"line":103,"column":8},"end":{"line":121,"column":9}},"type":"if","locations":[{"start":{"line":103,"column":8},"end":{"line":121,"column":9}},{"start":{},"end":{}}],"line":103},"10":{"loc":{"start":{"line":103,"column":12},"end":{"line":103,"column":50}},"type":"binary-expr","locations":[{"start":{"line":103,"column":12},"end":{"line":103,"column":31}},{"start":{"line":103,"column":33},"end":{"line":103,"column":50}}],"line":103},"11":{"loc":{"start":{"line":105,"column":12},"end":{"line":120,"column":13}},"type":"if","locations":[{"start":{"line":105,"column":12},"end":{"line":120,"column":13}},{"start":{"line":113,"column":17},"end":{"line":120,"column":13}}],"line":105}},"s":{"0":7,"1":7,"2":1,"3":1,"4":1,"5":1,"6":1,"7":1,"8":1,"9":1,"10":1,"11":1,"12":1,"13":1,"14":1,"15":1,"16":1,"17":1,"18":5,"19":1,"20":0,"21":7,"22":1,"23":1,"24":1,"25":1,"26":1,"27":1,"28":1,"29":1,"30":1,"31":1,"32":1,"33":1,"34":0,"35":0,"36":1,"37":1,"38":0,"39":0,"40":1,"41":1,"42":1,"43":0,"44":0,"45":0,"46":0,"47":0,"48":0,"49":1,"50":1,"51":1,"52":0,"53":0,"54":0,"55":1,"56":0,"57":0,"58":0,"59":0,"60":0,"61":0,"62":0,"63":1,"64":0,"65":7},"f":{"0":1,"1":5,"2":1,"3":0,"4":0,"5":0,"6":0,"7":0},"b":{"0":[0,1],"1":[1,0],"2":[0,1],"3":[0,1],"4":[1,0],"5":[0,0],"6":[0,0],"7":[1,0],"8":[1,0],"9":[0,1],"10":[1,0],"11":[0,0]},"_coverageSchema":"1a1c01bbd47fc00a2c39e90264f33305004495a9","hash":"41d6cf4ff1df7f95291074173798c82814a991b3"}
,"C:\\Users\\liemm\\Downloads\\menachi-simple_rest_backend-c6610ccfe45a\\menachi-simple_rest_backend-c6610ccfe45a\\controllers\\users.js": {"path":"C:\\Users\\liemm\\Downloads\\menachi-simple_rest_backend-c6610ccfe45a\\menachi-simple_rest_backend-c6610ccfe45a\\controllers\\users.js","statementMap":{"0":{"start":{"line":1,"column":13},"end":{"line":1,"column":44}},"1":{"start":{"line":2,"column":15},"end":{"line":2,"column":32}},"2":{"start":{"line":3,"column":16},"end":{"line":3,"column":36}},"3":{"start":{"line":5,"column":26},"end":{"line":21,"column":1}},"4":{"start":{"line":6,"column":4},"end":{"line":20,"column":5}},"5":{"start":{"line":7,"column":21},"end":{"line":7,"column":76}},"6":{"start":{"line":8,"column":8},"end":{"line":13,"column":9}},"7":{"start":{"line":9,"column":12},"end":{"line":12,"column":14}},"8":{"start":{"line":14,"column":8},"end":{"line":14,"column":34}},"9":{"start":{"line":16,"column":8},"end":{"line":19,"column":10}},"10":{"start":{"line":23,"column":17},"end":{"line":48,"column":1}},"11":{"start":{"line":24,"column":17},"end":{"line":24,"column":70}},"12":{"start":{"line":25,"column":22},"end":{"line":40,"column":5}},"13":{"start":{"line":42,"column":4},"end":{"line":46,"column":38}},"14":{"start":{"line":45,"column":8},"end":{"line":45,"column":35}},"15":{"start":{"line":50,"column":19},"end":{"line":68,"column":1}},"16":{"start":{"line":51,"column":4},"end":{"line":66,"column":5}},"17":{"start":{"line":52,"column":4},"end":{"line":52,"column":73}},"18":{"start":{"line":53,"column":4},"end":{"line":63,"column":11}},"19":{"start":{"line":56,"column":8},"end":{"line":61,"column":9}},"20":{"start":{"line":57,"column":10},"end":{"line":60,"column":15}},"21":{"start":{"line":62,"column":8},"end":{"line":62,"column":31}},"22":{"start":{"line":70,"column":20},"end":{"line":72,"column":1}},"23":{"start":{"line":71,"column":4},"end":{"line":71,"column":31}},"24":{"start":{"line":75,"column":0},"end":{"line":81,"column":1}}},"fnMap":{"0":{"name":"(anonymous_0)","decl":{"start":{"line":5,"column":26},"end":{"line":5,"column":27}},"loc":{"start":{"line":5,"column":46},"end":{"line":21,"column":1}},"line":5},"1":{"name":"(anonymous_1)","decl":{"start":{"line":23,"column":17},"end":{"line":23,"column":18}},"loc":{"start":{"line":23,"column":36},"end":{"line":48,"column":1}},"line":23},"2":{"name":"(anonymous_2)","decl":{"start":{"line":44,"column":25},"end":{"line":44,"column":26}},"loc":{"start":{"line":44,"column":48},"end":{"line":46,"column":5}},"line":44},"3":{"name":"(anonymous_3)","decl":{"start":{"line":46,"column":21},"end":{"line":46,"column":22}},"loc":{"start":{"line":46,"column":34},"end":{"line":46,"column":37}},"line":46},"4":{"name":"(anonymous_4)","decl":{"start":{"line":50,"column":19},"end":{"line":50,"column":20}},"loc":{"start":{"line":50,"column":38},"end":{"line":68,"column":1}},"line":50},"5":{"name":"(anonymous_5)","decl":{"start":{"line":55,"column":11},"end":{"line":55,"column":12}},"loc":{"start":{"line":55,"column":26},"end":{"line":63,"column":9}},"line":55},"6":{"name":"(anonymous_6)","decl":{"start":{"line":70,"column":20},"end":{"line":70,"column":21}},"loc":{"start":{"line":70,"column":39},"end":{"line":72,"column":1}},"line":70}},"branchMap":{"0":{"loc":{"start":{"line":8,"column":8},"end":{"line":13,"column":9}},"type":"if","locations":[{"start":{"line":8,"column":8},"end":{"line":13,"column":9}},{"start":{},"end":{}}],"line":8},"1":{"loc":{"start":{"line":56,"column":8},"end":{"line":61,"column":9}},"type":"if","locations":[{"start":{"line":56,"column":8},"end":{"line":61,"column":9}},{"start":{},"end":{}}],"line":56}},"s":{"0":7,"1":7,"2":7,"3":7,"4":2,"5":2,"6":2,"7":1,"8":1,"9":1,"10":7,"11":1,"12":1,"13":1,"14":1,"15":7,"16":1,"17":1,"18":1,"19":1,"20":0,"21":1,"22":7,"23":1,"24":7},"f":{"0":2,"1":1,"2":1,"3":0,"4":1,"5":1,"6":1},"b":{"0":[1,1],"1":[0,1]},"_coverageSchema":"1a1c01bbd47fc00a2c39e90264f33305004495a9","hash":"8af1f1dd2df1446f60173efdbae198281c92c5ce"}
,"C:\\Users\\liemm\\Downloads\\menachi-simple_rest_backend-c6610ccfe45a\\menachi-simple_rest_backend-c6610ccfe45a\\models\\offer_model.js": {"path":"C:\\Users\\liemm\\Downloads\\menachi-simple_rest_backend-c6610ccfe45a\\menachi-simple_rest_backend-c6610ccfe45a\\models\\offer_model.js","statementMap":{"0":{"start":{"line":1,"column":19},"end":{"line":1,"column":42}},"1":{"start":{"line":2,"column":17},"end":{"line":2,"column":36}},"2":{"start":{"line":4,"column":20},"end":{"line":48,"column":2}},"3":{"start":{"line":51,"column":0},"end":{"line":51,"column":53}}},"fnMap":{},"branchMap":{},"s":{"0":7,"1":7,"2":7,"3":7},"f":{},"b":{},"_coverageSchema":"1a1c01bbd47fc00a2c39e90264f33305004495a9","hash":"b7e515b24d4c7cb6c466ebacb551374c27c516db"}
,"C:\\Users\\liemm\\Downloads\\menachi-simple_rest_backend-c6610ccfe45a\\menachi-simple_rest_backend-c6610ccfe45a\\models\\user_model.js": {"path":"C:\\Users\\liemm\\Downloads\\menachi-simple_rest_backend-c6610ccfe45a\\menachi-simple_rest_backend-c6610ccfe45a\\models\\user_model.js","statementMap":{"0":{"start":{"line":1,"column":17},"end":{"line":1,"column":36}},"1":{"start":{"line":3,"column":19},"end":{"line":56,"column":2}},"2":{"start":{"line":58,"column":0},"end":{"line":58,"column":51}}},"fnMap":{},"branchMap":{},"s":{"0":7,"1":7,"2":7},"f":{},"b":{},"_coverageSchema":"1a1c01bbd47fc00a2c39e90264f33305004495a9","hash":"caf7739f149182ab51f39af70fad9a67c68154f6"}
,"C:\\Users\\liemm\\Downloads\\menachi-simple_rest_backend-c6610ccfe45a\\menachi-simple_rest_backend-c6610ccfe45a\\routes\\auth_routes.js": {"path":"C:\\Users\\liemm\\Downloads\\menachi-simple_rest_backend-c6610ccfe45a\\menachi-simple_rest_backend-c6610ccfe45a\\routes\\auth_routes.js","statementMap":{"0":{"start":{"line":1,"column":16},"end":{"line":1,"column":34}},"1":{"start":{"line":2,"column":15},"end":{"line":2,"column":31}},"2":{"start":{"line":4,"column":13},"end":{"line":4,"column":43}},"3":{"start":{"line":12,"column":0},"end":{"line":12,"column":33}},"4":{"start":{"line":13,"column":0},"end":{"line":13,"column":39}},"5":{"start":{"line":14,"column":0},"end":{"line":14,"column":35}},"6":{"start":{"line":15,"column":0},"end":{"line":15,"column":46}},"7":{"start":{"line":16,"column":0},"end":{"line":16,"column":82}},"8":{"start":{"line":18,"column":0},"end":{"line":18,"column":23}}},"fnMap":{},"branchMap":{},"s":{"0":7,"1":7,"2":7,"3":7,"4":7,"5":7,"6":7,"7":7,"8":7},"f":{},"b":{},"_coverageSchema":"1a1c01bbd47fc00a2c39e90264f33305004495a9","hash":"4f11545ac0ce4bf116584cf14989188e62e8f722"}
,"C:\\Users\\liemm\\Downloads\\menachi-simple_rest_backend-c6610ccfe45a\\menachi-simple_rest_backend-c6610ccfe45a\\routes\\candidates_routes.js": {"path":"C:\\Users\\liemm\\Downloads\\menachi-simple_rest_backend-c6610ccfe45a\\menachi-simple_rest_backend-c6610ccfe45a\\routes\\candidates_routes.js","statementMap":{"0":{"start":{"line":1,"column":16},"end":{"line":1,"column":34}},"1":{"start":{"line":2,"column":15},"end":{"line":2,"column":31}},"2":{"start":{"line":4,"column":19},"end":{"line":4,"column":55}},"3":{"start":{"line":5,"column":21},"end":{"line":5,"column":57}},"4":{"start":{"line":7,"column":0},"end":{"line":7,"column":76}},"5":{"start":{"line":9,"column":0},"end":{"line":9,"column":23}}},"fnMap":{},"branchMap":{},"s":{"0":7,"1":7,"2":7,"3":7,"4":7,"5":7},"f":{},"b":{},"_coverageSchema":"1a1c01bbd47fc00a2c39e90264f33305004495a9","hash":"1711f62998c7604fc30dc14918b2235ae8761479"}
,"C:\\Users\\liemm\\Downloads\\menachi-simple_rest_backend-c6610ccfe45a\\menachi-simple_rest_backend-c6610ccfe45a\\routes\\images_route.js": {"path":"C:\\Users\\liemm\\Downloads\\menachi-simple_rest_backend-c6610ccfe45a\\menachi-simple_rest_backend-c6610ccfe45a\\routes\\images_route.js","statementMap":{"0":{"start":{"line":1,"column":16},"end":{"line":1,"column":34}},"1":{"start":{"line":2,"column":15},"end":{"line":2,"column":24}},"2":{"start":{"line":3,"column":13},"end":{"line":3,"column":44}},"3":{"start":{"line":6,"column":0},"end":{"line":6,"column":26}},"4":{"start":{"line":7,"column":0},"end":{"line":7,"column":23}},"5":{"start":{"line":8,"column":0},"end":{"line":8,"column":27}},"6":{"start":{"line":9,"column":9},"end":{"line":9,"column":22}},"7":{"start":{"line":11,"column":0},"end":{"line":11,"column":50}},"8":{"start":{"line":12,"column":0},"end":{"line":22,"column":3}},"9":{"start":{"line":15,"column":4},"end":{"line":20,"column":7}},"10":{"start":{"line":16,"column":6},"end":{"line":18,"column":7}},"11":{"start":{"line":17,"column":8},"end":{"line":17,"column":23}},"12":{"start":{"line":19,"column":6},"end":{"line":19,"column":86}},"13":{"start":{"line":23,"column":13},"end":{"line":23,"column":41}},"14":{"start":{"line":25,"column":0},"end":{"line":34,"column":5}},"15":{"start":{"line":30,"column":4},"end":{"line":30,"column":26}},"16":{"start":{"line":31,"column":4},"end":{"line":31,"column":37}},"17":{"start":{"line":32,"column":4},"end":{"line":32,"column":54}},"18":{"start":{"line":50,"column":0},"end":{"line":50,"column":23}}},"fnMap":{"0":{"name":"(anonymous_0)","decl":{"start":{"line":14,"column":12},"end":{"line":14,"column":13}},"loc":{"start":{"line":14,"column":36},"end":{"line":21,"column":3}},"line":14},"1":{"name":"(anonymous_1)","decl":{"start":{"line":15,"column":40},"end":{"line":15,"column":41}},"loc":{"start":{"line":15,"column":59},"end":{"line":20,"column":5}},"line":15},"2":{"name":"(anonymous_2)","decl":{"start":{"line":29,"column":23},"end":{"line":29,"column":24}},"loc":{"start":{"line":29,"column":42},"end":{"line":34,"column":3}},"line":29}},"branchMap":{"0":{"loc":{"start":{"line":16,"column":6},"end":{"line":18,"column":7}},"type":"if","locations":[{"start":{"line":16,"column":6},"end":{"line":18,"column":7}},{"start":{},"end":{}}],"line":16}},"s":{"0":7,"1":7,"2":7,"3":7,"4":7,"5":7,"6":7,"7":7,"8":7,"9":0,"10":0,"11":0,"12":0,"13":7,"14":7,"15":0,"16":0,"17":0,"18":7},"f":{"0":0,"1":0,"2":0},"b":{"0":[0,0]},"_coverageSchema":"1a1c01bbd47fc00a2c39e90264f33305004495a9","hash":"9b9d611b2755539350c0bd1d743e4800b5035362"}
,"C:\\Users\\liemm\\Downloads\\menachi-simple_rest_backend-c6610ccfe45a\\menachi-simple_rest_backend-c6610ccfe45a\\routes\\index.js": {"path":"C:\\Users\\liemm\\Downloads\\menachi-simple_rest_backend-c6610ccfe45a\\menachi-simple_rest_backend-c6610ccfe45a\\routes\\index.js","statementMap":{"0":{"start":{"line":1,"column":16},"end":{"line":1,"column":34}},"1":{"start":{"line":2,"column":15},"end":{"line":2,"column":31}},"2":{"start":{"line":4,"column":0},"end":{"line":6,"column":2}},"3":{"start":{"line":5,"column":4},"end":{"line":5,"column":21}},"4":{"start":{"line":8,"column":0},"end":{"line":8,"column":23}}},"fnMap":{"0":{"name":"(anonymous_0)","decl":{"start":{"line":4,"column":15},"end":{"line":4,"column":16}},"loc":{"start":{"line":4,"column":26},"end":{"line":6,"column":1}},"line":4}},"branchMap":{},"s":{"0":7,"1":7,"2":7,"3":0,"4":7},"f":{"0":0},"b":{},"_coverageSchema":"1a1c01bbd47fc00a2c39e90264f33305004495a9","hash":"c234216992fe87b322ddbb187f536a2f0a0b1ee3"}
,"C:\\Users\\liemm\\Downloads\\menachi-simple_rest_backend-c6610ccfe45a\\menachi-simple_rest_backend-c6610ccfe45a\\routes\\offers_routes.js": {"path":"C:\\Users\\liemm\\Downloads\\menachi-simple_rest_backend-c6610ccfe45a\\menachi-simple_rest_backend-c6610ccfe45a\\routes\\offers_routes.js","statementMap":{"0":{"start":{"line":1,"column":16},"end":{"line":1,"column":34}},"1":{"start":{"line":2,"column":15},"end":{"line":2,"column":31}},"2":{"start":{"line":4,"column":14},"end":{"line":4,"column":46}},"3":{"start":{"line":5,"column":21},"end":{"line":5,"column":57}},"4":{"start":{"line":79,"column":0},"end":{"line":79,"column":55}},"5":{"start":{"line":102,"column":0},"end":{"line":102,"column":65}},"6":{"start":{"line":126,"column":0},"end":{"line":126,"column":60}},"7":{"start":{"line":147,"column":0},"end":{"line":147,"column":64}},"8":{"start":{"line":173,"column":0},"end":{"line":173,"column":60}},"9":{"start":{"line":177,"column":0},"end":{"line":177,"column":23}}},"fnMap":{},"branchMap":{},"s":{"0":7,"1":7,"2":7,"3":7,"4":7,"5":7,"6":7,"7":7,"8":7,"9":7},"f":{},"b":{},"_coverageSchema":"1a1c01bbd47fc00a2c39e90264f33305004495a9","hash":"bc1beac0818750e1f53180761728f1fe67b65ddd"}
,"C:\\Users\\liemm\\Downloads\\menachi-simple_rest_backend-c6610ccfe45a\\menachi-simple_rest_backend-c6610ccfe45a\\routes\\search_routes.js": {"path":"C:\\Users\\liemm\\Downloads\\menachi-simple_rest_backend-c6610ccfe45a\\menachi-simple_rest_backend-c6610ccfe45a\\routes\\search_routes.js","statementMap":{"0":{"start":{"line":1,"column":16},"end":{"line":1,"column":34}},"1":{"start":{"line":2,"column":15},"end":{"line":2,"column":31}},"2":{"start":{"line":4,"column":14},"end":{"line":4,"column":46}},"3":{"start":{"line":5,"column":21},"end":{"line":5,"column":57}},"4":{"start":{"line":7,"column":0},"end":{"line":7,"column":94}},"5":{"start":{"line":9,"column":1},"end":{"line":9,"column":158}},"6":{"start":{"line":11,"column":0},"end":{"line":11,"column":23}}},"fnMap":{},"branchMap":{},"s":{"0":7,"1":7,"2":7,"3":7,"4":7,"5":7,"6":7},"f":{},"b":{},"_coverageSchema":"1a1c01bbd47fc00a2c39e90264f33305004495a9","hash":"f1e4d8d28781f63774a276a219c13f2fcd0f1463"}
,"C:\\Users\\liemm\\Downloads\\menachi-simple_rest_backend-c6610ccfe45a\\menachi-simple_rest_backend-c6610ccfe45a\\routes\\user_routes.js": {"path":"C:\\Users\\liemm\\Downloads\\menachi-simple_rest_backend-c6610ccfe45a\\menachi-simple_rest_backend-c6610ccfe45a\\routes\\user_routes.js","statementMap":{"0":{"start":{"line":1,"column":16},"end":{"line":1,"column":34}},"1":{"start":{"line":2,"column":15},"end":{"line":2,"column":31}},"2":{"start":{"line":4,"column":13},"end":{"line":4,"column":44}},"3":{"start":{"line":5,"column":21},"end":{"line":5,"column":57}},"4":{"start":{"line":92,"column":0},"end":{"line":92,"column":69}},"5":{"start":{"line":135,"column":0},"end":{"line":135,"column":62}},"6":{"start":{"line":156,"column":0},"end":{"line":156,"column":66}},"7":{"start":{"line":178,"column":0},"end":{"line":178,"column":58}},"8":{"start":{"line":181,"column":0},"end":{"line":181,"column":23}}},"fnMap":{},"branchMap":{},"s":{"0":7,"1":7,"2":7,"3":7,"4":7,"5":7,"6":7,"7":7,"8":7},"f":{},"b":{},"_coverageSchema":"1a1c01bbd47fc00a2c39e90264f33305004495a9","hash":"5185a977e9470fd3cf0e24c5cda871b5ab90d750"}
}
