{"C:\\Users\\amitb\\CollabMe_Server\\server.js": {"path":"C:\\Users\\amitb\\CollabMe_Server\\server.js","statementMap":{"0":{"start":{"line":1,"column":15},"end":{"line":1,"column":41}},"1":{"start":{"line":2,"column":16},"end":{"line":2,"column":34}},"2":{"start":{"line":3,"column":12},"end":{"line":3,"column":21}},"3":{"start":{"line":4,"column":19},"end":{"line":4,"column":41}},"4":{"start":{"line":5,"column":17},"end":{"line":5,"column":36}},"5":{"start":{"line":6,"column":18},"end":{"line":6,"column":47}},"6":{"start":{"line":7,"column":21},"end":{"line":7,"column":45}},"7":{"start":{"line":10,"column":0},"end":{"line":29,"column":2}},"8":{"start":{"line":12,"column":20},"end":{"line":25,"column":5}},"9":{"start":{"line":26,"column":18},"end":{"line":26,"column":39}},"10":{"start":{"line":28,"column":4},"end":{"line":28,"column":66}},"11":{"start":{"line":33,"column":0},"end":{"line":33,"column":60}},"12":{"start":{"line":34,"column":0},"end":{"line":34,"column":26}},"13":{"start":{"line":37,"column":0},"end":{"line":37,"column":67}},"14":{"start":{"line":38,"column":11},"end":{"line":38,"column":30}},"15":{"start":{"line":39,"column":0},"end":{"line":39,"column":44}},"16":{"start":{"line":39,"column":22},"end":{"line":39,"column":42}},"17":{"start":{"line":40,"column":0},"end":{"line":40,"column":50}},"18":{"start":{"line":40,"column":20},"end":{"line":40,"column":48}},"19":{"start":{"line":42,"column":13},"end":{"line":42,"column":29}},"20":{"start":{"line":44,"column":20},"end":{"line":44,"column":45}},"21":{"start":{"line":45,"column":0},"end":{"line":45,"column":29}},"22":{"start":{"line":47,"column":20},"end":{"line":47,"column":53}},"23":{"start":{"line":48,"column":0},"end":{"line":48,"column":29}},"24":{"start":{"line":50,"column":19},"end":{"line":50,"column":50}},"25":{"start":{"line":51,"column":0},"end":{"line":51,"column":27}},"26":{"start":{"line":53,"column":19},"end":{"line":53,"column":50}},"27":{"start":{"line":54,"column":0},"end":{"line":54,"column":28}},"28":{"start":{"line":56,"column":19},"end":{"line":56,"column":56}},"29":{"start":{"line":57,"column":0},"end":{"line":57,"column":33}},"30":{"start":{"line":59,"column":15},"end":{"line":59,"column":48}},"31":{"start":{"line":60,"column":0},"end":{"line":60,"column":25}},"32":{"start":{"line":62,"column":16},"end":{"line":62,"column":48}},"33":{"start":{"line":63,"column":0},"end":{"line":63,"column":25}},"34":{"start":{"line":65,"column":21},"end":{"line":65,"column":60}},"35":{"start":{"line":66,"column":0},"end":{"line":66,"column":37}},"36":{"start":{"line":68,"column":16},"end":{"line":68,"column":50}},"37":{"start":{"line":69,"column":0},"end":{"line":69,"column":27}},"38":{"start":{"line":72,"column":0},"end":{"line":72,"column":20}}},"fnMap":{"0":{"name":"(anonymous_0)","decl":{"start":{"line":39,"column":14},"end":{"line":39,"column":15}},"loc":{"start":{"line":39,"column":21},"end":{"line":39,"column":43}},"line":39},"1":{"name":"(anonymous_1)","decl":{"start":{"line":40,"column":15},"end":{"line":40,"column":16}},"loc":{"start":{"line":40,"column":19},"end":{"line":40,"column":49}},"line":40}},"branchMap":{"0":{"loc":{"start":{"line":10,"column":0},"end":{"line":29,"column":2}},"type":"if","locations":[{"start":{"line":10,"column":0},"end":{"line":29,"column":2}},{"start":{},"end":{}}],"line":10}},"s":{"0":11,"1":11,"2":11,"3":11,"4":11,"5":11,"6":11,"7":11,"8":0,"9":0,"10":0,"11":11,"12":11,"13":11,"14":11,"15":11,"16":0,"17":11,"18":11,"19":11,"20":11,"21":11,"22":11,"23":11,"24":11,"25":11,"26":11,"27":11,"28":11,"29":11,"30":11,"31":11,"32":11,"33":11,"34":11,"35":11,"36":11,"37":11,"38":11},"f":{"0":0,"1":11},"b":{"0":[0,11]},"_coverageSchema":"1a1c01bbd47fc00a2c39e90264f33305004495a9","hash":"310ca799f5150ee8dd9f07e65cff5512cf9acc8b"}
,"C:\\Users\\amitb\\CollabMe_Server\\common\\auth_middleware.js": {"path":"C:\\Users\\amitb\\CollabMe_Server\\common\\auth_middleware.js","statementMap":{"0":{"start":{"line":2,"column":12},"end":{"line":2,"column":35}},"1":{"start":{"line":4,"column":21},"end":{"line":15,"column":1}},"2":{"start":{"line":5,"column":23},"end":{"line":5,"column":51}},"3":{"start":{"line":7,"column":18},"end":{"line":7,"column":56}},"4":{"start":{"line":8,"column":4},"end":{"line":8,"column":52}},"5":{"start":{"line":8,"column":23},"end":{"line":8,"column":52}},"6":{"start":{"line":10,"column":4},"end":{"line":14,"column":6}},"7":{"start":{"line":11,"column":8},"end":{"line":11,"column":57}},"8":{"start":{"line":11,"column":17},"end":{"line":11,"column":57}},"9":{"start":{"line":12,"column":8},"end":{"line":12,"column":23}},"10":{"start":{"line":13,"column":8},"end":{"line":13,"column":14}},"11":{"start":{"line":17,"column":0},"end":{"line":17,"column":29}}},"fnMap":{"0":{"name":"(anonymous_0)","decl":{"start":{"line":4,"column":21},"end":{"line":4,"column":22}},"loc":{"start":{"line":4,"column":37},"end":{"line":15,"column":1}},"line":4},"1":{"name":"(anonymous_1)","decl":{"start":{"line":10,"column":53},"end":{"line":10,"column":54}},"loc":{"start":{"line":10,"column":65},"end":{"line":14,"column":5}},"line":10}},"branchMap":{"0":{"loc":{"start":{"line":7,"column":18},"end":{"line":7,"column":56}},"type":"binary-expr","locations":[{"start":{"line":7,"column":18},"end":{"line":7,"column":28}},{"start":{"line":7,"column":32},"end":{"line":7,"column":56}}],"line":7},"1":{"loc":{"start":{"line":8,"column":4},"end":{"line":8,"column":52}},"type":"if","locations":[{"start":{"line":8,"column":4},"end":{"line":8,"column":52}},{"start":{},"end":{}}],"line":8},"2":{"loc":{"start":{"line":11,"column":8},"end":{"line":11,"column":57}},"type":"if","locations":[{"start":{"line":11,"column":8},"end":{"line":11,"column":57}},{"start":{},"end":{}}],"line":11}},"s":{"0":11,"1":11,"2":32,"3":32,"4":32,"5":1,"6":31,"7":31,"8":1,"9":30,"10":30,"11":11},"f":{"0":32,"1":31},"b":{"0":[32,32],"1":[1,31],"2":[1,30]},"_coverageSchema":"1a1c01bbd47fc00a2c39e90264f33305004495a9","hash":"c7d03ede81097d2ad20be6a25749264ac2be4dfa"}
,"C:\\Users\\amitb\\CollabMe_Server\\controllers\\auth.js": {"path":"C:\\Users\\amitb\\CollabMe_Server\\controllers\\auth.js","statementMap":{"0":{"start":{"line":1,"column":13},"end":{"line":1,"column":44}},"1":{"start":{"line":2,"column":15},"end":{"line":2,"column":32}},"2":{"start":{"line":3,"column":16},"end":{"line":3,"column":36}},"3":{"start":{"line":4,"column":12},"end":{"line":4,"column":35}},"4":{"start":{"line":6,"column":18},"end":{"line":11,"column":1}},"5":{"start":{"line":7,"column":4},"end":{"line":10,"column":6}},"6":{"start":{"line":13,"column":17},"end":{"line":66,"column":1}},"7":{"start":{"line":15,"column":21},"end":{"line":15,"column":38}},"8":{"start":{"line":16,"column":21},"end":{"line":16,"column":38}},"9":{"start":{"line":17,"column":18},"end":{"line":17,"column":32}},"10":{"start":{"line":18,"column":19},"end":{"line":18,"column":34}},"11":{"start":{"line":19,"column":16},"end":{"line":19,"column":28}},"12":{"start":{"line":20,"column":16},"end":{"line":20,"column":28}},"13":{"start":{"line":21,"column":21},"end":{"line":21,"column":38}},"14":{"start":{"line":22,"column":22},"end":{"line":22,"column":40}},"15":{"start":{"line":23,"column":23},"end":{"line":23,"column":42}},"16":{"start":{"line":24,"column":23},"end":{"line":24,"column":45}},"17":{"start":{"line":25,"column":20},"end":{"line":25,"column":36}},"18":{"start":{"line":26,"column":22},"end":{"line":26,"column":41}},"19":{"start":{"line":27,"column":18},"end":{"line":27,"column":32}},"20":{"start":{"line":28,"column":27},"end":{"line":28,"column":50}},"21":{"start":{"line":30,"column":4},"end":{"line":65,"column":5}},"22":{"start":{"line":31,"column":23},"end":{"line":31,"column":66}},"23":{"start":{"line":32,"column":8},"end":{"line":37,"column":9}},"24":{"start":{"line":33,"column":12},"end":{"line":36,"column":14}},"25":{"start":{"line":38,"column":21},"end":{"line":38,"column":45}},"26":{"start":{"line":39,"column":24},"end":{"line":39,"column":56}},"27":{"start":{"line":41,"column":21},"end":{"line":56,"column":10}},"28":{"start":{"line":57,"column":8},"end":{"line":57,"column":36}},"29":{"start":{"line":58,"column":8},"end":{"line":58,"column":37}},"30":{"start":{"line":61,"column":8},"end":{"line":64,"column":10}},"31":{"start":{"line":69,"column":14},"end":{"line":108,"column":1}},"32":{"start":{"line":76,"column":21},"end":{"line":76,"column":38}},"33":{"start":{"line":77,"column":21},"end":{"line":77,"column":38}},"34":{"start":{"line":79,"column":4},"end":{"line":79,"column":100}},"35":{"start":{"line":79,"column":46},"end":{"line":79,"column":100}},"36":{"start":{"line":81,"column":4},"end":{"line":106,"column":5}},"37":{"start":{"line":82,"column":21},"end":{"line":82,"column":65}},"38":{"start":{"line":83,"column":8},"end":{"line":83,"column":80}},"39":{"start":{"line":83,"column":26},"end":{"line":83,"column":80}},"40":{"start":{"line":85,"column":22},"end":{"line":85,"column":67}},"41":{"start":{"line":86,"column":8},"end":{"line":86,"column":74}},"42":{"start":{"line":86,"column":20},"end":{"line":86,"column":74}},"43":{"start":{"line":88,"column":28},"end":{"line":92,"column":13}},"44":{"start":{"line":93,"column":29},"end":{"line":96,"column":9}},"45":{"start":{"line":97,"column":8},"end":{"line":98,"column":44}},"46":{"start":{"line":97,"column":33},"end":{"line":97,"column":61}},"47":{"start":{"line":98,"column":13},"end":{"line":98,"column":44}},"48":{"start":{"line":99,"column":8},"end":{"line":99,"column":26}},"49":{"start":{"line":100,"column":8},"end":{"line":102,"column":43}},"50":{"start":{"line":105,"column":8},"end":{"line":105,"column":40}},"51":{"start":{"line":110,"column":21},"end":{"line":141,"column":1}},"52":{"start":{"line":111,"column":4},"end":{"line":111,"column":46}},"53":{"start":{"line":112,"column":18},"end":{"line":112,"column":58}},"54":{"start":{"line":113,"column":4},"end":{"line":113,"column":51}},"55":{"start":{"line":113,"column":23},"end":{"line":113,"column":51}},"56":{"start":{"line":115,"column":4},"end":{"line":140,"column":6}},"57":{"start":{"line":116,"column":8},"end":{"line":116,"column":57}},"58":{"start":{"line":116,"column":17},"end":{"line":116,"column":57}},"59":{"start":{"line":117,"column":23},"end":{"line":117,"column":34}},"60":{"start":{"line":118,"column":8},"end":{"line":139,"column":9}},"61":{"start":{"line":119,"column":8},"end":{"line":119,"column":42}},"62":{"start":{"line":120,"column":8},"end":{"line":120,"column":67}},"63":{"start":{"line":120,"column":26},"end":{"line":120,"column":67}},"64":{"start":{"line":121,"column":8},"end":{"line":125,"column":9}},"65":{"start":{"line":122,"column":12},"end":{"line":122,"column":26}},"66":{"start":{"line":123,"column":12},"end":{"line":123,"column":29}},"67":{"start":{"line":124,"column":12},"end":{"line":124,"column":58}},"68":{"start":{"line":126,"column":28},"end":{"line":129,"column":60}},"69":{"start":{"line":130,"column":29},"end":{"line":132,"column":45}},"70":{"start":{"line":134,"column":8},"end":{"line":134,"column":62}},"71":{"start":{"line":135,"column":8},"end":{"line":135,"column":25}},"72":{"start":{"line":136,"column":8},"end":{"line":136,"column":89}},"73":{"start":{"line":138,"column":12},"end":{"line":138,"column":45}},"74":{"start":{"line":144,"column":15},"end":{"line":167,"column":1}},"75":{"start":{"line":145,"column":4},"end":{"line":145,"column":46}},"76":{"start":{"line":147,"column":18},"end":{"line":147,"column":58}},"77":{"start":{"line":148,"column":4},"end":{"line":148,"column":50}},"78":{"start":{"line":148,"column":22},"end":{"line":148,"column":50}},"79":{"start":{"line":149,"column":4},"end":{"line":166,"column":6}},"80":{"start":{"line":150,"column":8},"end":{"line":150,"column":57}},"81":{"start":{"line":150,"column":17},"end":{"line":150,"column":57}},"82":{"start":{"line":151,"column":23},"end":{"line":151,"column":34}},"83":{"start":{"line":152,"column":8},"end":{"line":165,"column":9}},"84":{"start":{"line":153,"column":12},"end":{"line":153,"column":46}},"85":{"start":{"line":154,"column":12},"end":{"line":154,"column":76}},"86":{"start":{"line":154,"column":30},"end":{"line":154,"column":76}},"87":{"start":{"line":155,"column":12},"end":{"line":159,"column":13}},"88":{"start":{"line":156,"column":16},"end":{"line":156,"column":32}},"89":{"start":{"line":157,"column":16},"end":{"line":157,"column":33}},"90":{"start":{"line":158,"column":16},"end":{"line":158,"column":62}},"91":{"start":{"line":160,"column":12},"end":{"line":160,"column":61}},"92":{"start":{"line":161,"column":12},"end":{"line":161,"column":29}},"93":{"start":{"line":162,"column":12},"end":{"line":162,"column":35}},"94":{"start":{"line":164,"column":12},"end":{"line":164,"column":45}},"95":{"start":{"line":169,"column":34},"end":{"line":187,"column":1}},"96":{"start":{"line":170,"column":4},"end":{"line":186,"column":5}},"97":{"start":{"line":172,"column":21},"end":{"line":172,"column":76}},"98":{"start":{"line":173,"column":8},"end":{"line":180,"column":9}},"99":{"start":{"line":174,"column":12},"end":{"line":174,"column":38}},"100":{"start":{"line":176,"column":12},"end":{"line":179,"column":14}},"101":{"start":{"line":182,"column":8},"end":{"line":185,"column":10}},"102":{"start":{"line":189,"column":0},"end":{"line":195,"column":1}}},"fnMap":{"0":{"name":"(anonymous_0)","decl":{"start":{"line":6,"column":18},"end":{"line":6,"column":19}},"loc":{"start":{"line":6,"column":34},"end":{"line":11,"column":1}},"line":6},"1":{"name":"(anonymous_1)","decl":{"start":{"line":13,"column":17},"end":{"line":13,"column":18}},"loc":{"start":{"line":13,"column":37},"end":{"line":66,"column":1}},"line":13},"2":{"name":"(anonymous_2)","decl":{"start":{"line":69,"column":14},"end":{"line":69,"column":15}},"loc":{"start":{"line":69,"column":34},"end":{"line":108,"column":1}},"line":69},"3":{"name":"(anonymous_3)","decl":{"start":{"line":110,"column":21},"end":{"line":110,"column":22}},"loc":{"start":{"line":110,"column":46},"end":{"line":141,"column":1}},"line":110},"4":{"name":"(anonymous_4)","decl":{"start":{"line":115,"column":56},"end":{"line":115,"column":57}},"loc":{"start":{"line":115,"column":78},"end":{"line":140,"column":5}},"line":115},"5":{"name":"(anonymous_5)","decl":{"start":{"line":144,"column":15},"end":{"line":144,"column":16}},"loc":{"start":{"line":144,"column":41},"end":{"line":167,"column":1}},"line":144},"6":{"name":"(anonymous_6)","decl":{"start":{"line":149,"column":56},"end":{"line":149,"column":57}},"loc":{"start":{"line":149,"column":80},"end":{"line":166,"column":5}},"line":149},"7":{"name":"(anonymous_7)","decl":{"start":{"line":169,"column":34},"end":{"line":169,"column":35}},"loc":{"start":{"line":169,"column":54},"end":{"line":187,"column":1}},"line":169}},"branchMap":{"0":{"loc":{"start":{"line":32,"column":8},"end":{"line":37,"column":9}},"type":"if","locations":[{"start":{"line":32,"column":8},"end":{"line":37,"column":9}},{"start":{},"end":{}}],"line":32},"1":{"loc":{"start":{"line":79,"column":4},"end":{"line":79,"column":100}},"type":"if","locations":[{"start":{"line":79,"column":4},"end":{"line":79,"column":100}},{"start":{},"end":{}}],"line":79},"2":{"loc":{"start":{"line":79,"column":8},"end":{"line":79,"column":44}},"type":"binary-expr","locations":[{"start":{"line":79,"column":8},"end":{"line":79,"column":24}},{"start":{"line":79,"column":28},"end":{"line":79,"column":44}}],"line":79},"3":{"loc":{"start":{"line":83,"column":8},"end":{"line":83,"column":80}},"type":"if","locations":[{"start":{"line":83,"column":8},"end":{"line":83,"column":80}},{"start":{},"end":{}}],"line":83},"4":{"loc":{"start":{"line":86,"column":8},"end":{"line":86,"column":74}},"type":"if","locations":[{"start":{"line":86,"column":8},"end":{"line":86,"column":74}},{"start":{},"end":{}}],"line":86},"5":{"loc":{"start":{"line":97,"column":8},"end":{"line":98,"column":44}},"type":"if","locations":[{"start":{"line":97,"column":8},"end":{"line":98,"column":44}},{"start":{"line":98,"column":13},"end":{"line":98,"column":44}}],"line":97},"6":{"loc":{"start":{"line":112,"column":18},"end":{"line":112,"column":58}},"type":"binary-expr","locations":[{"start":{"line":112,"column":18},"end":{"line":112,"column":29}},{"start":{"line":112,"column":33},"end":{"line":112,"column":58}}],"line":112},"7":{"loc":{"start":{"line":113,"column":4},"end":{"line":113,"column":51}},"type":"if","locations":[{"start":{"line":113,"column":4},"end":{"line":113,"column":51}},{"start":{},"end":{}}],"line":113},"8":{"loc":{"start":{"line":116,"column":8},"end":{"line":116,"column":57}},"type":"if","locations":[{"start":{"line":116,"column":8},"end":{"line":116,"column":57}},{"start":{},"end":{}}],"line":116},"9":{"loc":{"start":{"line":120,"column":8},"end":{"line":120,"column":67}},"type":"if","locations":[{"start":{"line":120,"column":8},"end":{"line":120,"column":67}},{"start":{},"end":{}}],"line":120},"10":{"loc":{"start":{"line":121,"column":8},"end":{"line":125,"column":9}},"type":"if","locations":[{"start":{"line":121,"column":8},"end":{"line":125,"column":9}},{"start":{},"end":{}}],"line":121},"11":{"loc":{"start":{"line":147,"column":18},"end":{"line":147,"column":58}},"type":"binary-expr","locations":[{"start":{"line":147,"column":18},"end":{"line":147,"column":29}},{"start":{"line":147,"column":33},"end":{"line":147,"column":58}}],"line":147},"12":{"loc":{"start":{"line":148,"column":4},"end":{"line":148,"column":50}},"type":"if","locations":[{"start":{"line":148,"column":4},"end":{"line":148,"column":50}},{"start":{},"end":{}}],"line":148},"13":{"loc":{"start":{"line":150,"column":8},"end":{"line":150,"column":57}},"type":"if","locations":[{"start":{"line":150,"column":8},"end":{"line":150,"column":57}},{"start":{},"end":{}}],"line":150},"14":{"loc":{"start":{"line":154,"column":12},"end":{"line":154,"column":76}},"type":"if","locations":[{"start":{"line":154,"column":12},"end":{"line":154,"column":76}},{"start":{},"end":{}}],"line":154},"15":{"loc":{"start":{"line":155,"column":12},"end":{"line":159,"column":13}},"type":"if","locations":[{"start":{"line":155,"column":12},"end":{"line":159,"column":13}},{"start":{},"end":{}}],"line":155},"16":{"loc":{"start":{"line":173,"column":8},"end":{"line":180,"column":9}},"type":"if","locations":[{"start":{"line":173,"column":8},"end":{"line":180,"column":9}},{"start":{"line":175,"column":13},"end":{"line":180,"column":9}}],"line":173}},"s":{"0":11,"1":11,"2":11,"3":11,"4":11,"5":5,"6":11,"7":12,"8":12,"9":12,"10":12,"11":12,"12":12,"13":12,"14":12,"15":12,"16":12,"17":12,"18":12,"19":12,"20":12,"21":12,"22":12,"23":12,"24":1,"25":11,"26":11,"27":10,"28":10,"29":10,"30":1,"31":11,"32":15,"33":15,"34":15,"35":2,"36":13,"37":13,"38":13,"39":2,"40":11,"41":10,"42":0,"43":10,"44":10,"45":10,"46":0,"47":10,"48":10,"49":10,"50":1,"51":11,"52":4,"53":4,"54":4,"55":1,"56":3,"57":3,"58":1,"59":2,"60":2,"61":2,"62":2,"63":0,"64":2,"65":1,"66":1,"67":1,"68":1,"69":1,"70":1,"71":1,"72":1,"73":0,"74":11,"75":4,"76":4,"77":4,"78":1,"79":3,"80":3,"81":1,"82":2,"83":2,"84":2,"85":2,"86":0,"87":2,"88":1,"89":1,"90":1,"91":1,"92":1,"93":1,"94":0,"95":11,"96":2,"97":2,"98":2,"99":1,"100":1,"101":1,"102":11},"f":{"0":5,"1":12,"2":15,"3":4,"4":3,"5":4,"6":3,"7":2},"b":{"0":[1,11],"1":[2,13],"2":[15,13],"3":[2,11],"4":[0,10],"5":[0,10],"6":[4,4],"7":[1,3],"8":[1,2],"9":[0,2],"10":[1,1],"11":[4,4],"12":[1,3],"13":[1,2],"14":[0,2],"15":[1,1],"16":[1,1]},"_coverageSchema":"1a1c01bbd47fc00a2c39e90264f33305004495a9","hash":"9bf90930828b6a280bef3b24a92aca18c7f76e61"}
,"C:\\Users\\amitb\\CollabMe_Server\\controllers\\candidates.js": {"path":"C:\\Users\\amitb\\CollabMe_Server\\controllers\\candidates.js","statementMap":{"0":{"start":{"line":1,"column":18},"end":{"line":1,"column":50}},"1":{"start":{"line":2,"column":14},"end":{"line":2,"column":45}},"2":{"start":{"line":3,"column":16},"end":{"line":3,"column":36}},"3":{"start":{"line":4,"column":14},"end":{"line":4,"column":46}},"4":{"start":{"line":6,"column":22},"end":{"line":14,"column":1}},"5":{"start":{"line":7,"column":4},"end":{"line":7,"column":65}},"6":{"start":{"line":8,"column":20},"end":{"line":8,"column":22}},"7":{"start":{"line":9,"column":4},"end":{"line":11,"column":5}},"8":{"start":{"line":9,"column":14},"end":{"line":9,"column":15}},"9":{"start":{"line":10,"column":9},"end":{"line":10,"column":71}},"10":{"start":{"line":13,"column":4},"end":{"line":13,"column":41}},"11":{"start":{"line":16,"column":36},"end":{"line":35,"column":1}},"12":{"start":{"line":17,"column":19},"end":{"line":17,"column":37}},"13":{"start":{"line":19,"column":14},"end":{"line":19,"column":15}},"14":{"start":{"line":20,"column":20},"end":{"line":20,"column":22}},"15":{"start":{"line":21,"column":4},"end":{"line":33,"column":4}},"16":{"start":{"line":21,"column":14},"end":{"line":21,"column":15}},"17":{"start":{"line":22,"column":7},"end":{"line":32,"column":5}},"18":{"start":{"line":22,"column":17},"end":{"line":22,"column":18}},"19":{"start":{"line":23,"column":8},"end":{"line":30,"column":8}},"20":{"start":{"line":24,"column":12},"end":{"line":29,"column":13}},"21":{"start":{"line":26,"column":18},"end":{"line":26,"column":45}},"22":{"start":{"line":27,"column":18},"end":{"line":27,"column":26}},"23":{"start":{"line":34,"column":4},"end":{"line":34,"column":43}},"24":{"start":{"line":37,"column":31},"end":{"line":48,"column":1}},"25":{"start":{"line":39,"column":4},"end":{"line":47,"column":5}},"26":{"start":{"line":40,"column":30},"end":{"line":40,"column":87}},"27":{"start":{"line":41,"column":8},"end":{"line":41,"column":47}},"28":{"start":{"line":43,"column":8},"end":{"line":46,"column":10}},"29":{"start":{"line":52,"column":0},"end":{"line":56,"column":1}}},"fnMap":{"0":{"name":"(anonymous_0)","decl":{"start":{"line":6,"column":22},"end":{"line":6,"column":23}},"loc":{"start":{"line":6,"column":40},"end":{"line":14,"column":1}},"line":6},"1":{"name":"(anonymous_1)","decl":{"start":{"line":16,"column":36},"end":{"line":16,"column":37}},"loc":{"start":{"line":16,"column":54},"end":{"line":35,"column":1}},"line":16},"2":{"name":"(anonymous_2)","decl":{"start":{"line":37,"column":31},"end":{"line":37,"column":32}},"loc":{"start":{"line":37,"column":51},"end":{"line":48,"column":1}},"line":37}},"branchMap":{"0":{"loc":{"start":{"line":23,"column":8},"end":{"line":30,"column":8}},"type":"if","locations":[{"start":{"line":23,"column":8},"end":{"line":30,"column":8}},{"start":{},"end":{}}],"line":23},"1":{"loc":{"start":{"line":24,"column":12},"end":{"line":29,"column":13}},"type":"if","locations":[{"start":{"line":24,"column":12},"end":{"line":29,"column":13}},{"start":{},"end":{}}],"line":24}},"s":{"0":11,"1":11,"2":11,"3":11,"4":11,"5":1,"6":1,"7":1,"8":1,"9":1,"10":1,"11":11,"12":1,"13":1,"14":1,"15":1,"16":1,"17":1,"18":1,"19":1,"20":1,"21":1,"22":1,"23":1,"24":11,"25":1,"26":1,"27":1,"28":0,"29":11},"f":{"0":1,"1":1,"2":1},"b":{"0":[1,0],"1":[1,0]},"_coverageSchema":"1a1c01bbd47fc00a2c39e90264f33305004495a9","hash":"feaa199d852f2abfa99c73944a51a02b363eb720"}
,"C:\\Users\\amitb\\CollabMe_Server\\controllers\\mediacontent.js": {"path":"C:\\Users\\amitb\\CollabMe_Server\\controllers\\mediacontent.js","statementMap":{"0":{"start":{"line":1,"column":14},"end":{"line":1,"column":46}},"1":{"start":{"line":3,"column":24},"end":{"line":29,"column":1}},"2":{"start":{"line":4,"column":20},"end":{"line":4,"column":36}},"3":{"start":{"line":5,"column":25},"end":{"line":5,"column":46}},"4":{"start":{"line":8,"column":4},"end":{"line":25,"column":5}},"5":{"start":{"line":9,"column":8},"end":{"line":16,"column":16}},"6":{"start":{"line":18,"column":12},"end":{"line":18,"column":28}},"7":{"start":{"line":21,"column":8},"end":{"line":24,"column":10}},"8":{"start":{"line":31,"column":33},"end":{"line":43,"column":1}},"9":{"start":{"line":32,"column":4},"end":{"line":42,"column":5}},"10":{"start":{"line":33,"column":23},"end":{"line":33,"column":69}},"11":{"start":{"line":35,"column":12},"end":{"line":35,"column":53}},"12":{"start":{"line":38,"column":8},"end":{"line":41,"column":10}},"13":{"start":{"line":45,"column":0},"end":{"line":48,"column":1}}},"fnMap":{"0":{"name":"(anonymous_0)","decl":{"start":{"line":3,"column":24},"end":{"line":3,"column":25}},"loc":{"start":{"line":3,"column":44},"end":{"line":29,"column":1}},"line":3},"1":{"name":"(anonymous_1)","decl":{"start":{"line":31,"column":33},"end":{"line":31,"column":34}},"loc":{"start":{"line":31,"column":53},"end":{"line":43,"column":1}},"line":31}},"branchMap":{},"s":{"0":11,"1":11,"2":1,"3":1,"4":1,"5":1,"6":1,"7":0,"8":11,"9":1,"10":1,"11":1,"12":0,"13":11},"f":{"0":1,"1":1},"b":{},"_coverageSchema":"1a1c01bbd47fc00a2c39e90264f33305004495a9","hash":"37f1425f09e34e4a3b75fd73678a94cdc06de2e0"}
,"C:\\Users\\amitb\\CollabMe_Server\\controllers\\offers.js": {"path":"C:\\Users\\amitb\\CollabMe_Server\\controllers\\offers.js","statementMap":{"0":{"start":{"line":1,"column":14},"end":{"line":1,"column":46}},"1":{"start":{"line":3,"column":18},"end":{"line":10,"column":1}},"2":{"start":{"line":4,"column":4},"end":{"line":9,"column":5}},"3":{"start":{"line":5,"column":8},"end":{"line":5,"column":35}},"4":{"start":{"line":6,"column":8},"end":{"line":6,"column":36}},"5":{"start":{"line":12,"column":21},"end":{"line":32,"column":1}},"6":{"start":{"line":15,"column":4},"end":{"line":31,"column":5}},"7":{"start":{"line":16,"column":23},"end":{"line":16,"column":69}},"8":{"start":{"line":17,"column":8},"end":{"line":25,"column":9}},"9":{"start":{"line":18,"column":12},"end":{"line":21,"column":14}},"10":{"start":{"line":24,"column":12},"end":{"line":24,"column":40}},"11":{"start":{"line":27,"column":8},"end":{"line":30,"column":10}},"12":{"start":{"line":34,"column":20},"end":{"line":65,"column":1}},"13":{"start":{"line":35,"column":24},"end":{"line":35,"column":44}},"14":{"start":{"line":36,"column":20},"end":{"line":36,"column":37}},"15":{"start":{"line":37,"column":23},"end":{"line":37,"column":42}},"16":{"start":{"line":38,"column":18},"end":{"line":38,"column":32}},"17":{"start":{"line":39,"column":20},"end":{"line":39,"column":36}},"18":{"start":{"line":40,"column":20},"end":{"line":40,"column":35}},"19":{"start":{"line":41,"column":24},"end":{"line":41,"column":43}},"20":{"start":{"line":42,"column":18},"end":{"line":42,"column":31}},"21":{"start":{"line":43,"column":19},"end":{"line":43,"column":33}},"22":{"start":{"line":44,"column":19},"end":{"line":44,"column":33}},"23":{"start":{"line":47,"column":18},"end":{"line":59,"column":6}},"24":{"start":{"line":61,"column":19},"end":{"line":61,"column":37}},"25":{"start":{"line":62,"column":4},"end":{"line":62,"column":32}},"26":{"start":{"line":67,"column":20},"end":{"line":79,"column":1}},"27":{"start":{"line":69,"column":8},"end":{"line":69,"column":70}},"28":{"start":{"line":70,"column":8},"end":{"line":77,"column":15}},"29":{"start":{"line":73,"column":12},"end":{"line":75,"column":13}},"30":{"start":{"line":74,"column":14},"end":{"line":74,"column":43}},"31":{"start":{"line":76,"column":12},"end":{"line":76,"column":35}},"32":{"start":{"line":81,"column":18},"end":{"line":100,"column":1}},"33":{"start":{"line":82,"column":22},"end":{"line":93,"column":5}},"34":{"start":{"line":95,"column":4},"end":{"line":99,"column":7}},"35":{"start":{"line":98,"column":8},"end":{"line":98,"column":35}},"36":{"start":{"line":105,"column":0},"end":{"line":111,"column":1}}},"fnMap":{"0":{"name":"(anonymous_0)","decl":{"start":{"line":3,"column":18},"end":{"line":3,"column":19}},"loc":{"start":{"line":3,"column":38},"end":{"line":10,"column":1}},"line":3},"1":{"name":"(anonymous_1)","decl":{"start":{"line":12,"column":21},"end":{"line":12,"column":22}},"loc":{"start":{"line":12,"column":41},"end":{"line":32,"column":1}},"line":12},"2":{"name":"(anonymous_2)","decl":{"start":{"line":34,"column":20},"end":{"line":34,"column":21}},"loc":{"start":{"line":34,"column":40},"end":{"line":65,"column":1}},"line":34},"3":{"name":"(anonymous_3)","decl":{"start":{"line":67,"column":20},"end":{"line":67,"column":21}},"loc":{"start":{"line":67,"column":39},"end":{"line":79,"column":1}},"line":67},"4":{"name":"(anonymous_4)","decl":{"start":{"line":72,"column":15},"end":{"line":72,"column":16}},"loc":{"start":{"line":72,"column":30},"end":{"line":77,"column":13}},"line":72},"5":{"name":"(anonymous_5)","decl":{"start":{"line":81,"column":18},"end":{"line":81,"column":19}},"loc":{"start":{"line":81,"column":37},"end":{"line":100,"column":1}},"line":81},"6":{"name":"(anonymous_6)","decl":{"start":{"line":97,"column":25},"end":{"line":97,"column":26}},"loc":{"start":{"line":97,"column":48},"end":{"line":99,"column":5}},"line":97}},"branchMap":{"0":{"loc":{"start":{"line":17,"column":8},"end":{"line":25,"column":9}},"type":"if","locations":[{"start":{"line":17,"column":8},"end":{"line":25,"column":9}},{"start":{"line":23,"column":13},"end":{"line":25,"column":9}}],"line":17},"1":{"loc":{"start":{"line":73,"column":12},"end":{"line":75,"column":13}},"type":"if","locations":[{"start":{"line":73,"column":12},"end":{"line":75,"column":13}},{"start":{},"end":{}}],"line":73}},"s":{"0":11,"1":11,"2":1,"3":1,"4":1,"5":11,"6":2,"7":2,"8":2,"9":1,"10":1,"11":1,"12":11,"13":4,"14":4,"15":4,"16":4,"17":4,"18":4,"19":4,"20":4,"21":4,"22":4,"23":4,"24":4,"25":4,"26":11,"27":1,"28":1,"29":1,"30":0,"31":1,"32":11,"33":1,"34":1,"35":1,"36":11},"f":{"0":1,"1":2,"2":4,"3":1,"4":1,"5":1,"6":1},"b":{"0":[1,1],"1":[0,1]},"_coverageSchema":"1a1c01bbd47fc00a2c39e90264f33305004495a9","hash":"0a71fea32c3d28cac4362052d9eeebce172d612f"}
,"C:\\Users\\amitb\\CollabMe_Server\\controllers\\payment.js": {"path":"C:\\Users\\amitb\\CollabMe_Server\\controllers\\payment.js","statementMap":{"0":{"start":{"line":1,"column":16},"end":{"line":1,"column":50}},"1":{"start":{"line":4,"column":19},"end":{"line":30,"column":1}},"2":{"start":{"line":6,"column":19},"end":{"line":6,"column":34}},"3":{"start":{"line":7,"column":21},"end":{"line":7,"column":36}},"4":{"start":{"line":8,"column":16},"end":{"line":8,"column":28}},"5":{"start":{"line":9,"column":21},"end":{"line":9,"column":38}},"6":{"start":{"line":10,"column":17},"end":{"line":10,"column":30}},"7":{"start":{"line":11,"column":21},"end":{"line":11,"column":37}},"8":{"start":{"line":12,"column":24},"end":{"line":12,"column":43}},"9":{"start":{"line":15,"column":20},"end":{"line":24,"column":6}},"10":{"start":{"line":26,"column":21},"end":{"line":26,"column":41}},"11":{"start":{"line":27,"column":4},"end":{"line":27,"column":34}},"12":{"start":{"line":32,"column":0},"end":{"line":34,"column":1}}},"fnMap":{"0":{"name":"(anonymous_0)","decl":{"start":{"line":4,"column":19},"end":{"line":4,"column":20}},"loc":{"start":{"line":4,"column":38},"end":{"line":30,"column":1}},"line":4}},"branchMap":{},"s":{"0":11,"1":11,"2":1,"3":1,"4":1,"5":1,"6":1,"7":1,"8":1,"9":1,"10":1,"11":1,"12":11},"f":{"0":1},"b":{},"_coverageSchema":"1a1c01bbd47fc00a2c39e90264f33305004495a9","hash":"0c84898d324b400b57bcde95b8d8d0c931efce59"}
,"C:\\Users\\amitb\\CollabMe_Server\\controllers\\search.js": {"path":"C:\\Users\\amitb\\CollabMe_Server\\controllers\\search.js","statementMap":{"0":{"start":{"line":1,"column":14},"end":{"line":1,"column":46}},"1":{"start":{"line":3,"column":31},"end":{"line":37,"column":1}},"2":{"start":{"line":5,"column":15},"end":{"line":5,"column":36}},"3":{"start":{"line":7,"column":4},"end":{"line":36,"column":5}},"4":{"start":{"line":9,"column":24},"end":{"line":9,"column":56}},"5":{"start":{"line":10,"column":24},"end":{"line":10,"column":63}},"6":{"start":{"line":11,"column":24},"end":{"line":11,"column":60}},"7":{"start":{"line":13,"column":8},"end":{"line":21,"column":9}},"8":{"start":{"line":15,"column":13},"end":{"line":15,"column":66}},"9":{"start":{"line":16,"column":13},"end":{"line":16,"column":72}},"10":{"start":{"line":19,"column":13},"end":{"line":19,"column":26}},"11":{"start":{"line":20,"column":13},"end":{"line":20,"column":25}},"12":{"start":{"line":22,"column":24},"end":{"line":22,"column":62}},"13":{"start":{"line":24,"column":23},"end":{"line":24,"column":25}},"14":{"start":{"line":24,"column":37},"end":{"line":24,"column":39}},"15":{"start":{"line":25,"column":8},"end":{"line":25,"column":28}},"16":{"start":{"line":25,"column":29},"end":{"line":25,"column":49}},"17":{"start":{"line":25,"column":50},"end":{"line":25,"column":70}},"18":{"start":{"line":25,"column":70},"end":{"line":25,"column":90}},"19":{"start":{"line":25,"column":90},"end":{"line":25,"column":108}},"20":{"start":{"line":26,"column":8},"end":{"line":26,"column":28}},"21":{"start":{"line":28,"column":22},"end":{"line":28,"column":50}},"22":{"start":{"line":28,"column":41},"end":{"line":28,"column":49}},"23":{"start":{"line":30,"column":8},"end":{"line":30,"column":44}},"24":{"start":{"line":32,"column":8},"end":{"line":35,"column":10}},"25":{"start":{"line":39,"column":35},"end":{"line":170,"column":1}},"26":{"start":{"line":41,"column":22},"end":{"line":41,"column":42}},"27":{"start":{"line":42,"column":19},"end":{"line":42,"column":36}},"28":{"start":{"line":43,"column":19},"end":{"line":43,"column":36}},"29":{"start":{"line":44,"column":17},"end":{"line":44,"column":32}},"30":{"start":{"line":45,"column":20},"end":{"line":45,"column":38}},"31":{"start":{"line":46,"column":18},"end":{"line":46,"column":34}},"32":{"start":{"line":47,"column":21},"end":{"line":47,"column":41}},"33":{"start":{"line":48,"column":15},"end":{"line":48,"column":28}},"34":{"start":{"line":53,"column":4},"end":{"line":169,"column":5}},"35":{"start":{"line":54,"column":21},"end":{"line":54,"column":23}},"36":{"start":{"line":55,"column":17},"end":{"line":55,"column":22}},"37":{"start":{"line":57,"column":8},"end":{"line":63,"column":9}},"38":{"start":{"line":58,"column":12},"end":{"line":58,"column":67}},"39":{"start":{"line":59,"column":12},"end":{"line":59,"column":22}},"40":{"start":{"line":65,"column":8},"end":{"line":75,"column":9}},"41":{"start":{"line":66,"column":12},"end":{"line":72,"column":13}},"42":{"start":{"line":67,"column":16},"end":{"line":67,"column":69}},"43":{"start":{"line":67,"column":51},"end":{"line":67,"column":66}},"44":{"start":{"line":70,"column":16},"end":{"line":70,"column":57}},"45":{"start":{"line":71,"column":16},"end":{"line":71,"column":26}},"46":{"start":{"line":77,"column":12},"end":{"line":100,"column":9}},"47":{"start":{"line":79,"column":33},"end":{"line":79,"column":52}},"48":{"start":{"line":80,"column":31},"end":{"line":80,"column":48}},"49":{"start":{"line":82,"column":16},"end":{"line":97,"column":13}},"50":{"start":{"line":83,"column":16},"end":{"line":83,"column":102}},"51":{"start":{"line":83,"column":52},"end":{"line":83,"column":98}},"52":{"start":{"line":85,"column":16},"end":{"line":85,"column":26}},"53":{"start":{"line":87,"column":16},"end":{"line":92,"column":18}},"54":{"start":{"line":95,"column":16},"end":{"line":95,"column":26}},"55":{"start":{"line":102,"column":8},"end":{"line":112,"column":9}},"56":{"start":{"line":103,"column":12},"end":{"line":109,"column":13}},"57":{"start":{"line":104,"column":16},"end":{"line":104,"column":77}},"58":{"start":{"line":104,"column":51},"end":{"line":104,"column":74}},"59":{"start":{"line":107,"column":16},"end":{"line":107,"column":65}},"60":{"start":{"line":108,"column":16},"end":{"line":108,"column":26}},"61":{"start":{"line":115,"column":8},"end":{"line":130,"column":9}},"62":{"start":{"line":117,"column":12},"end":{"line":127,"column":13}},"63":{"start":{"line":119,"column":16},"end":{"line":119,"column":101}},"64":{"start":{"line":119,"column":42},"end":{"line":119,"column":99}},"65":{"start":{"line":123,"column":16},"end":{"line":123,"column":26}},"66":{"start":{"line":125,"column":16},"end":{"line":125,"column":70}},"67":{"start":{"line":126,"column":16},"end":{"line":126,"column":26}},"68":{"start":{"line":132,"column":8},"end":{"line":160,"column":9}},"69":{"start":{"line":133,"column":28},"end":{"line":133,"column":46}},"70":{"start":{"line":134,"column":26},"end":{"line":134,"column":42}},"71":{"start":{"line":138,"column":23},"end":{"line":138,"column":50}},"72":{"start":{"line":142,"column":22},"end":{"line":142,"column":47}},"73":{"start":{"line":144,"column":12},"end":{"line":157,"column":13}},"74":{"start":{"line":145,"column":16},"end":{"line":146,"column":66}},"75":{"start":{"line":145,"column":51},"end":{"line":146,"column":63}},"76":{"start":{"line":151,"column":16},"end":{"line":151,"column":46}},"77":{"start":{"line":152,"column":16},"end":{"line":153,"column":61}},"78":{"start":{"line":152,"column":51},"end":{"line":153,"column":58}},"79":{"start":{"line":155,"column":16},"end":{"line":155,"column":26}},"80":{"start":{"line":163,"column":8},"end":{"line":163,"column":37}},"81":{"start":{"line":165,"column":8},"end":{"line":168,"column":10}},"82":{"start":{"line":173,"column":0},"end":{"line":176,"column":1}}},"fnMap":{"0":{"name":"(anonymous_0)","decl":{"start":{"line":3,"column":31},"end":{"line":3,"column":32}},"loc":{"start":{"line":3,"column":51},"end":{"line":37,"column":1}},"line":3},"1":{"name":"(anonymous_1)","decl":{"start":{"line":28,"column":36},"end":{"line":28,"column":37}},"loc":{"start":{"line":28,"column":41},"end":{"line":28,"column":49}},"line":28},"2":{"name":"(anonymous_2)","decl":{"start":{"line":39,"column":35},"end":{"line":39,"column":36}},"loc":{"start":{"line":39,"column":55},"end":{"line":170,"column":1}},"line":39},"3":{"name":"(anonymous_3)","decl":{"start":{"line":67,"column":46},"end":{"line":67,"column":47}},"loc":{"start":{"line":67,"column":51},"end":{"line":67,"column":66}},"line":67},"4":{"name":"(anonymous_4)","decl":{"start":{"line":83,"column":46},"end":{"line":83,"column":47}},"loc":{"start":{"line":83,"column":52},"end":{"line":83,"column":98}},"line":83},"5":{"name":"(anonymous_5)","decl":{"start":{"line":104,"column":46},"end":{"line":104,"column":47}},"loc":{"start":{"line":104,"column":51},"end":{"line":104,"column":74}},"line":104},"6":{"name":"(anonymous_6)","decl":{"start":{"line":119,"column":38},"end":{"line":119,"column":39}},"loc":{"start":{"line":119,"column":42},"end":{"line":119,"column":99}},"line":119},"7":{"name":"(anonymous_7)","decl":{"start":{"line":145,"column":46},"end":{"line":145,"column":47}},"loc":{"start":{"line":145,"column":51},"end":{"line":146,"column":63}},"line":145},"8":{"name":"(anonymous_8)","decl":{"start":{"line":152,"column":46},"end":{"line":152,"column":47}},"loc":{"start":{"line":152,"column":51},"end":{"line":153,"column":58}},"line":152}},"branchMap":{"0":{"loc":{"start":{"line":13,"column":8},"end":{"line":21,"column":9}},"type":"if","locations":[{"start":{"line":13,"column":8},"end":{"line":21,"column":9}},{"start":{"line":18,"column":12},"end":{"line":21,"column":9}}],"line":13},"1":{"loc":{"start":{"line":57,"column":8},"end":{"line":63,"column":9}},"type":"if","locations":[{"start":{"line":57,"column":8},"end":{"line":63,"column":9}},{"start":{},"end":{}}],"line":57},"2":{"loc":{"start":{"line":65,"column":8},"end":{"line":75,"column":9}},"type":"if","locations":[{"start":{"line":65,"column":8},"end":{"line":75,"column":9}},{"start":{},"end":{}}],"line":65},"3":{"loc":{"start":{"line":66,"column":12},"end":{"line":72,"column":13}},"type":"if","locations":[{"start":{"line":66,"column":12},"end":{"line":72,"column":13}},{"start":{"line":69,"column":17},"end":{"line":72,"column":13}}],"line":66},"4":{"loc":{"start":{"line":77,"column":12},"end":{"line":100,"column":9}},"type":"if","locations":[{"start":{"line":77,"column":12},"end":{"line":100,"column":9}},{"start":{},"end":{}}],"line":77},"5":{"loc":{"start":{"line":77,"column":16},"end":{"line":77,"column":52}},"type":"binary-expr","locations":[{"start":{"line":77,"column":16},"end":{"line":77,"column":34}},{"start":{"line":77,"column":36},"end":{"line":77,"column":52}}],"line":77},"6":{"loc":{"start":{"line":82,"column":16},"end":{"line":97,"column":13}},"type":"if","locations":[{"start":{"line":82,"column":16},"end":{"line":97,"column":13}},{"start":{"line":86,"column":17},"end":{"line":97,"column":13}}],"line":82},"7":{"loc":{"start":{"line":83,"column":52},"end":{"line":83,"column":98}},"type":"binary-expr","locations":[{"start":{"line":83,"column":52},"end":{"line":83,"column":74}},{"start":{"line":83,"column":78},"end":{"line":83,"column":98}}],"line":83},"8":{"loc":{"start":{"line":102,"column":8},"end":{"line":112,"column":9}},"type":"if","locations":[{"start":{"line":102,"column":8},"end":{"line":112,"column":9}},{"start":{},"end":{}}],"line":102},"9":{"loc":{"start":{"line":103,"column":12},"end":{"line":109,"column":13}},"type":"if","locations":[{"start":{"line":103,"column":12},"end":{"line":109,"column":13}},{"start":{"line":106,"column":17},"end":{"line":109,"column":13}}],"line":103},"10":{"loc":{"start":{"line":115,"column":8},"end":{"line":130,"column":9}},"type":"if","locations":[{"start":{"line":115,"column":8},"end":{"line":130,"column":9}},{"start":{},"end":{}}],"line":115},"11":{"loc":{"start":{"line":115,"column":12},"end":{"line":115,"column":81}},"type":"binary-expr","locations":[{"start":{"line":115,"column":12},"end":{"line":115,"column":32}},{"start":{"line":115,"column":36},"end":{"line":115,"column":54}},{"start":{"line":115,"column":58},"end":{"line":115,"column":81}}],"line":115},"12":{"loc":{"start":{"line":117,"column":12},"end":{"line":127,"column":13}},"type":"if","locations":[{"start":{"line":117,"column":12},"end":{"line":127,"column":13}},{"start":{"line":124,"column":17},"end":{"line":127,"column":13}}],"line":117},"13":{"loc":{"start":{"line":132,"column":8},"end":{"line":160,"column":9}},"type":"if","locations":[{"start":{"line":132,"column":8},"end":{"line":160,"column":9}},{"start":{},"end":{}}],"line":132},"14":{"loc":{"start":{"line":132,"column":12},"end":{"line":132,"column":50}},"type":"binary-expr","locations":[{"start":{"line":132,"column":12},"end":{"line":132,"column":31}},{"start":{"line":132,"column":33},"end":{"line":132,"column":50}}],"line":132},"15":{"loc":{"start":{"line":144,"column":12},"end":{"line":157,"column":13}},"type":"if","locations":[{"start":{"line":144,"column":12},"end":{"line":157,"column":13}},{"start":{"line":150,"column":17},"end":{"line":157,"column":13}}],"line":144},"16":{"loc":{"start":{"line":145,"column":51},"end":{"line":146,"column":63}},"type":"binary-expr","locations":[{"start":{"line":145,"column":51},"end":{"line":145,"column":88}},{"start":{"line":146,"column":24},"end":{"line":146,"column":63}}],"line":145},"17":{"loc":{"start":{"line":152,"column":51},"end":{"line":153,"column":58}},"type":"binary-expr","locations":[{"start":{"line":152,"column":51},"end":{"line":152,"column":88}},{"start":{"line":153,"column":19},"end":{"line":153,"column":58}}],"line":152}},"s":{"0":11,"1":11,"2":1,"3":1,"4":1,"5":1,"6":1,"7":1,"8":0,"9":0,"10":1,"11":1,"12":1,"13":1,"14":1,"15":1,"16":1,"17":1,"18":1,"19":1,"20":1,"21":1,"22":6,"23":1,"24":0,"25":11,"26":6,"27":6,"28":6,"29":6,"30":6,"31":6,"32":6,"33":6,"34":6,"35":6,"36":6,"37":6,"38":2,"39":2,"40":6,"41":2,"42":1,"43":1,"44":1,"45":1,"46":6,"47":1,"48":1,"49":1,"50":1,"51":1,"52":1,"53":0,"54":0,"55":6,"56":2,"57":1,"58":1,"59":1,"60":1,"61":6,"62":2,"63":1,"64":1,"65":1,"66":1,"67":1,"68":6,"69":2,"70":2,"71":2,"72":2,"73":2,"74":1,"75":1,"76":1,"77":1,"78":1,"79":1,"80":6,"81":0,"82":11},"f":{"0":1,"1":6,"2":6,"3":1,"4":1,"5":1,"6":1,"7":1,"8":1},"b":{"0":[0,1],"1":[2,4],"2":[2,4],"3":[1,1],"4":[1,5],"5":[6,1],"6":[1,0],"7":[1,1],"8":[2,4],"9":[1,1],"10":[2,4],"11":[6,2,2],"12":[1,1],"13":[2,4],"14":[6,2],"15":[1,1],"16":[1,1],"17":[1,1]},"_coverageSchema":"1a1c01bbd47fc00a2c39e90264f33305004495a9","hash":"6b726e610ed9a8b4979214797e5f64e0a4aa130a"}
,"C:\\Users\\amitb\\CollabMe_Server\\controllers\\users.js": {"path":"C:\\Users\\amitb\\CollabMe_Server\\controllers\\users.js","statementMap":{"0":{"start":{"line":1,"column":13},"end":{"line":1,"column":44}},"1":{"start":{"line":2,"column":15},"end":{"line":2,"column":32}},"2":{"start":{"line":3,"column":16},"end":{"line":3,"column":36}},"3":{"start":{"line":5,"column":17},"end":{"line":12,"column":1}},"4":{"start":{"line":6,"column":4},"end":{"line":11,"column":5}},"5":{"start":{"line":7,"column":8},"end":{"line":7,"column":33}},"6":{"start":{"line":8,"column":8},"end":{"line":8,"column":35}},"7":{"start":{"line":14,"column":26},"end":{"line":31,"column":1}},"8":{"start":{"line":16,"column":4},"end":{"line":30,"column":5}},"9":{"start":{"line":17,"column":21},"end":{"line":17,"column":76}},"10":{"start":{"line":18,"column":8},"end":{"line":23,"column":9}},"11":{"start":{"line":19,"column":12},"end":{"line":22,"column":14}},"12":{"start":{"line":24,"column":8},"end":{"line":24,"column":34}},"13":{"start":{"line":26,"column":8},"end":{"line":29,"column":10}},"14":{"start":{"line":33,"column":23},"end":{"line":49,"column":1}},"15":{"start":{"line":34,"column":4},"end":{"line":48,"column":5}},"16":{"start":{"line":35,"column":21},"end":{"line":35,"column":69}},"17":{"start":{"line":36,"column":8},"end":{"line":41,"column":9}},"18":{"start":{"line":37,"column":12},"end":{"line":40,"column":14}},"19":{"start":{"line":42,"column":8},"end":{"line":42,"column":34}},"20":{"start":{"line":44,"column":8},"end":{"line":47,"column":10}},"21":{"start":{"line":51,"column":17},"end":{"line":77,"column":1}},"22":{"start":{"line":53,"column":17},"end":{"line":53,"column":70}},"23":{"start":{"line":54,"column":22},"end":{"line":70,"column":5}},"24":{"start":{"line":72,"column":4},"end":{"line":76,"column":7}},"25":{"start":{"line":75,"column":8},"end":{"line":75,"column":35}},"26":{"start":{"line":79,"column":25},"end":{"line":111,"column":1}},"27":{"start":{"line":81,"column":21},"end":{"line":81,"column":38}},"28":{"start":{"line":82,"column":17},"end":{"line":82,"column":70}},"29":{"start":{"line":84,"column":17},"end":{"line":84,"column":41}},"30":{"start":{"line":85,"column":20},"end":{"line":85,"column":52}},"31":{"start":{"line":87,"column":22},"end":{"line":103,"column":5}},"32":{"start":{"line":105,"column":4},"end":{"line":109,"column":42}},"33":{"start":{"line":108,"column":12},"end":{"line":108,"column":39}},"34":{"start":{"line":113,"column":19},"end":{"line":131,"column":1}},"35":{"start":{"line":114,"column":4},"end":{"line":129,"column":5}},"36":{"start":{"line":115,"column":4},"end":{"line":115,"column":73}},"37":{"start":{"line":116,"column":4},"end":{"line":126,"column":11}},"38":{"start":{"line":119,"column":8},"end":{"line":124,"column":9}},"39":{"start":{"line":120,"column":10},"end":{"line":123,"column":15}},"40":{"start":{"line":125,"column":8},"end":{"line":125,"column":31}},"41":{"start":{"line":133,"column":20},"end":{"line":135,"column":1}},"42":{"start":{"line":134,"column":4},"end":{"line":134,"column":31}},"43":{"start":{"line":138,"column":0},"end":{"line":146,"column":1}}},"fnMap":{"0":{"name":"(anonymous_0)","decl":{"start":{"line":5,"column":17},"end":{"line":5,"column":18}},"loc":{"start":{"line":5,"column":37},"end":{"line":12,"column":1}},"line":5},"1":{"name":"(anonymous_1)","decl":{"start":{"line":14,"column":26},"end":{"line":14,"column":27}},"loc":{"start":{"line":14,"column":46},"end":{"line":31,"column":1}},"line":14},"2":{"name":"(anonymous_2)","decl":{"start":{"line":33,"column":23},"end":{"line":33,"column":24}},"loc":{"start":{"line":33,"column":43},"end":{"line":49,"column":1}},"line":33},"3":{"name":"(anonymous_3)","decl":{"start":{"line":51,"column":17},"end":{"line":51,"column":18}},"loc":{"start":{"line":51,"column":36},"end":{"line":77,"column":1}},"line":51},"4":{"name":"(anonymous_4)","decl":{"start":{"line":74,"column":25},"end":{"line":74,"column":26}},"loc":{"start":{"line":74,"column":48},"end":{"line":76,"column":5}},"line":74},"5":{"name":"(anonymous_5)","decl":{"start":{"line":79,"column":25},"end":{"line":79,"column":26}},"loc":{"start":{"line":79,"column":44},"end":{"line":111,"column":1}},"line":79},"6":{"name":"(anonymous_6)","decl":{"start":{"line":107,"column":25},"end":{"line":107,"column":26}},"loc":{"start":{"line":107,"column":48},"end":{"line":109,"column":9}},"line":107},"7":{"name":"(anonymous_7)","decl":{"start":{"line":109,"column":25},"end":{"line":109,"column":26}},"loc":{"start":{"line":109,"column":38},"end":{"line":109,"column":41}},"line":109},"8":{"name":"(anonymous_8)","decl":{"start":{"line":113,"column":19},"end":{"line":113,"column":20}},"loc":{"start":{"line":113,"column":38},"end":{"line":131,"column":1}},"line":113},"9":{"name":"(anonymous_9)","decl":{"start":{"line":118,"column":11},"end":{"line":118,"column":12}},"loc":{"start":{"line":118,"column":26},"end":{"line":126,"column":9}},"line":118},"10":{"name":"(anonymous_10)","decl":{"start":{"line":133,"column":20},"end":{"line":133,"column":21}},"loc":{"start":{"line":133,"column":39},"end":{"line":135,"column":1}},"line":133}},"branchMap":{"0":{"loc":{"start":{"line":18,"column":8},"end":{"line":23,"column":9}},"type":"if","locations":[{"start":{"line":18,"column":8},"end":{"line":23,"column":9}},{"start":{},"end":{}}],"line":18},"1":{"loc":{"start":{"line":36,"column":8},"end":{"line":41,"column":9}},"type":"if","locations":[{"start":{"line":36,"column":8},"end":{"line":41,"column":9}},{"start":{},"end":{}}],"line":36},"2":{"loc":{"start":{"line":119,"column":8},"end":{"line":124,"column":9}},"type":"if","locations":[{"start":{"line":119,"column":8},"end":{"line":124,"column":9}},{"start":{},"end":{}}],"line":119}},"s":{"0":11,"1":11,"2":11,"3":11,"4":1,"5":1,"6":1,"7":11,"8":2,"9":2,"10":2,"11":1,"12":1,"13":1,"14":11,"15":2,"16":2,"17":2,"18":1,"19":1,"20":1,"21":11,"22":1,"23":1,"24":1,"25":1,"26":11,"27":1,"28":1,"29":1,"30":1,"31":1,"32":1,"33":1,"34":11,"35":1,"36":1,"37":1,"38":1,"39":0,"40":1,"41":11,"42":1,"43":11},"f":{"0":1,"1":2,"2":2,"3":1,"4":1,"5":1,"6":1,"7":0,"8":1,"9":1,"10":1},"b":{"0":[1,1],"1":[1,1],"2":[0,1]},"_coverageSchema":"1a1c01bbd47fc00a2c39e90264f33305004495a9","hash":"9ae0000ec976895bf7c387ff2fc0ffbd63722323"}
,"C:\\Users\\amitb\\CollabMe_Server\\models\\offer_model.js": {"path":"C:\\Users\\amitb\\CollabMe_Server\\models\\offer_model.js","statementMap":{"0":{"start":{"line":1,"column":19},"end":{"line":1,"column":42}},"1":{"start":{"line":2,"column":17},"end":{"line":2,"column":36}},"2":{"start":{"line":4,"column":20},"end":{"line":51,"column":2}},"3":{"start":{"line":54,"column":0},"end":{"line":54,"column":53}}},"fnMap":{},"branchMap":{},"s":{"0":11,"1":11,"2":11,"3":11},"f":{},"b":{},"_coverageSchema":"1a1c01bbd47fc00a2c39e90264f33305004495a9","hash":"7b305bf24d2f93a36639db79d619398b1c9f8261"}
,"C:\\Users\\amitb\\CollabMe_Server\\models\\payment_model.js": {"path":"C:\\Users\\amitb\\CollabMe_Server\\models\\payment_model.js","statementMap":{"0":{"start":{"line":2,"column":17},"end":{"line":2,"column":36}},"1":{"start":{"line":4,"column":22},"end":{"line":36,"column":2}},"2":{"start":{"line":39,"column":0},"end":{"line":39,"column":57}}},"fnMap":{},"branchMap":{},"s":{"0":11,"1":11,"2":11},"f":{},"b":{},"_coverageSchema":"1a1c01bbd47fc00a2c39e90264f33305004495a9","hash":"01abf33d8d9c80955020e0b6b81af76eb897f614"}
,"C:\\Users\\amitb\\CollabMe_Server\\models\\user_model.js": {"path":"C:\\Users\\amitb\\CollabMe_Server\\models\\user_model.js","statementMap":{"0":{"start":{"line":1,"column":17},"end":{"line":1,"column":36}},"1":{"start":{"line":3,"column":19},"end":{"line":61,"column":2}},"2":{"start":{"line":63,"column":0},"end":{"line":63,"column":51}}},"fnMap":{},"branchMap":{},"s":{"0":11,"1":11,"2":11},"f":{},"b":{},"_coverageSchema":"1a1c01bbd47fc00a2c39e90264f33305004495a9","hash":"ed44b8af59b37ae8f1c82d09d0f054ca59a629bc"}
,"C:\\Users\\amitb\\CollabMe_Server\\routes\\auth_routes.js": {"path":"C:\\Users\\amitb\\CollabMe_Server\\routes\\auth_routes.js","statementMap":{"0":{"start":{"line":1,"column":16},"end":{"line":1,"column":34}},"1":{"start":{"line":2,"column":21},"end":{"line":2,"column":45}},"2":{"start":{"line":3,"column":15},"end":{"line":3,"column":31}},"3":{"start":{"line":5,"column":13},"end":{"line":5,"column":43}},"4":{"start":{"line":90,"column":0},"end":{"line":90,"column":33}},"5":{"start":{"line":113,"column":0},"end":{"line":113,"column":39}},"6":{"start":{"line":127,"column":0},"end":{"line":127,"column":35}},"7":{"start":{"line":141,"column":0},"end":{"line":141,"column":46}},"8":{"start":{"line":167,"column":0},"end":{"line":167,"column":82}},"9":{"start":{"line":169,"column":0},"end":{"line":169,"column":23}}},"fnMap":{},"branchMap":{},"s":{"0":11,"1":11,"2":11,"3":11,"4":11,"5":11,"6":11,"7":11,"8":11,"9":11},"f":{},"b":{},"_coverageSchema":"1a1c01bbd47fc00a2c39e90264f33305004495a9","hash":"355b4ddeecd05b5876f00c9d3eb9f38877edbdc7"}
,"C:\\Users\\amitb\\CollabMe_Server\\routes\\candidates_routes.js": {"path":"C:\\Users\\amitb\\CollabMe_Server\\routes\\candidates_routes.js","statementMap":{"0":{"start":{"line":1,"column":16},"end":{"line":1,"column":34}},"1":{"start":{"line":2,"column":15},"end":{"line":2,"column":31}},"2":{"start":{"line":4,"column":19},"end":{"line":4,"column":55}},"3":{"start":{"line":5,"column":21},"end":{"line":5,"column":57}},"4":{"start":{"line":40,"column":0},"end":{"line":40,"column":71}},"5":{"start":{"line":68,"column":0},"end":{"line":68,"column":96}},"6":{"start":{"line":94,"column":0},"end":{"line":94,"column":102}},"7":{"start":{"line":97,"column":0},"end":{"line":97,"column":23}}},"fnMap":{},"branchMap":{},"s":{"0":11,"1":11,"2":11,"3":11,"4":11,"5":11,"6":11,"7":11},"f":{},"b":{},"_coverageSchema":"1a1c01bbd47fc00a2c39e90264f33305004495a9","hash":"3ad96443f8369ef9d7dd146e633875ca9ff47d3f"}
,"C:\\Users\\amitb\\CollabMe_Server\\routes\\images_route.js": {"path":"C:\\Users\\amitb\\CollabMe_Server\\routes\\images_route.js","statementMap":{"0":{"start":{"line":1,"column":16},"end":{"line":1,"column":34}},"1":{"start":{"line":2,"column":15},"end":{"line":2,"column":24}},"2":{"start":{"line":3,"column":13},"end":{"line":3,"column":44}},"3":{"start":{"line":6,"column":0},"end":{"line":6,"column":26}},"4":{"start":{"line":7,"column":0},"end":{"line":7,"column":23}},"5":{"start":{"line":8,"column":0},"end":{"line":8,"column":27}},"6":{"start":{"line":9,"column":9},"end":{"line":9,"column":22}},"7":{"start":{"line":40,"column":0},"end":{"line":40,"column":50}},"8":{"start":{"line":41,"column":0},"end":{"line":51,"column":3}},"9":{"start":{"line":44,"column":4},"end":{"line":49,"column":7}},"10":{"start":{"line":45,"column":6},"end":{"line":47,"column":7}},"11":{"start":{"line":46,"column":8},"end":{"line":46,"column":23}},"12":{"start":{"line":48,"column":6},"end":{"line":48,"column":86}},"13":{"start":{"line":52,"column":13},"end":{"line":52,"column":41}},"14":{"start":{"line":77,"column":0},"end":{"line":81,"column":3}},"15":{"start":{"line":78,"column":2},"end":{"line":78,"column":58}},"16":{"start":{"line":78,"column":30},"end":{"line":78,"column":58}},"17":{"start":{"line":79,"column":17},"end":{"line":79,"column":30}},"18":{"start":{"line":80,"column":3},"end":{"line":80,"column":32}},"19":{"start":{"line":111,"column":0},"end":{"line":125,"column":3}},"20":{"start":{"line":112,"column":14},"end":{"line":112,"column":44}},"21":{"start":{"line":113,"column":2},"end":{"line":115,"column":3}},"22":{"start":{"line":114,"column":4},"end":{"line":114,"column":27}},"23":{"start":{"line":116,"column":2},"end":{"line":124,"column":5}},"24":{"start":{"line":117,"column":4},"end":{"line":122,"column":5}},"25":{"start":{"line":118,"column":6},"end":{"line":118,"column":57}},"26":{"start":{"line":119,"column":6},"end":{"line":119,"column":20}},"27":{"start":{"line":121,"column":6},"end":{"line":121,"column":29}},"28":{"start":{"line":130,"column":0},"end":{"line":130,"column":23}}},"fnMap":{"0":{"name":"(anonymous_0)","decl":{"start":{"line":43,"column":12},"end":{"line":43,"column":13}},"loc":{"start":{"line":43,"column":36},"end":{"line":50,"column":3}},"line":43},"1":{"name":"(anonymous_1)","decl":{"start":{"line":44,"column":40},"end":{"line":44,"column":41}},"loc":{"start":{"line":44,"column":59},"end":{"line":49,"column":5}},"line":44},"2":{"name":"(anonymous_2)","decl":{"start":{"line":77,"column":48},"end":{"line":77,"column":49}},"loc":{"start":{"line":77,"column":68},"end":{"line":81,"column":1}},"line":77},"3":{"name":"(anonymous_3)","decl":{"start":{"line":111,"column":30},"end":{"line":111,"column":31}},"loc":{"start":{"line":111,"column":50},"end":{"line":125,"column":1}},"line":111},"4":{"name":"(anonymous_4)","decl":{"start":{"line":116,"column":35},"end":{"line":116,"column":36}},"loc":{"start":{"line":116,"column":55},"end":{"line":124,"column":3}},"line":116}},"branchMap":{"0":{"loc":{"start":{"line":45,"column":6},"end":{"line":47,"column":7}},"type":"if","locations":[{"start":{"line":45,"column":6},"end":{"line":47,"column":7}},{"start":{},"end":{}}],"line":45},"1":{"loc":{"start":{"line":78,"column":2},"end":{"line":78,"column":58}},"type":"if","locations":[{"start":{"line":78,"column":2},"end":{"line":78,"column":58}},{"start":{},"end":{}}],"line":78},"2":{"loc":{"start":{"line":113,"column":2},"end":{"line":115,"column":3}},"type":"if","locations":[{"start":{"line":113,"column":2},"end":{"line":115,"column":3}},{"start":{},"end":{}}],"line":113}},"s":{"0":11,"1":11,"2":11,"3":11,"4":11,"5":11,"6":11,"7":11,"8":11,"9":1,"10":1,"11":0,"12":1,"13":11,"14":11,"15":1,"16":0,"17":1,"18":1,"19":11,"20":2,"21":2,"22":1,"23":2,"24":2,"25":2,"26":1,"27":1,"28":11},"f":{"0":1,"1":1,"2":1,"3":2,"4":2},"b":{"0":[0,1],"1":[0,1],"2":[1,1]},"_coverageSchema":"1a1c01bbd47fc00a2c39e90264f33305004495a9","hash":"0f25e19823c428383f957acde60dc102bc4c4d2f"}
,"C:\\Users\\amitb\\CollabMe_Server\\routes\\index.js": {"path":"C:\\Users\\amitb\\CollabMe_Server\\routes\\index.js","statementMap":{"0":{"start":{"line":1,"column":16},"end":{"line":1,"column":34}},"1":{"start":{"line":2,"column":15},"end":{"line":2,"column":31}},"2":{"start":{"line":4,"column":0},"end":{"line":6,"column":2}},"3":{"start":{"line":5,"column":4},"end":{"line":5,"column":21}},"4":{"start":{"line":8,"column":0},"end":{"line":8,"column":23}}},"fnMap":{"0":{"name":"(anonymous_0)","decl":{"start":{"line":4,"column":15},"end":{"line":4,"column":16}},"loc":{"start":{"line":4,"column":26},"end":{"line":6,"column":1}},"line":4}},"branchMap":{},"s":{"0":11,"1":11,"2":11,"3":1,"4":11},"f":{"0":1},"b":{},"_coverageSchema":"1a1c01bbd47fc00a2c39e90264f33305004495a9","hash":"82cd01eff1b8b50560d838cb3ff6425486f7e31b"}
,"C:\\Users\\amitb\\CollabMe_Server\\routes\\mediacontent_routes.js": {"path":"C:\\Users\\amitb\\CollabMe_Server\\routes\\mediacontent_routes.js","statementMap":{"0":{"start":{"line":1,"column":16},"end":{"line":1,"column":34}},"1":{"start":{"line":2,"column":15},"end":{"line":2,"column":31}},"2":{"start":{"line":4,"column":14},"end":{"line":4,"column":52}},"3":{"start":{"line":5,"column":21},"end":{"line":5,"column":57}},"4":{"start":{"line":6,"column":20},"end":{"line":6,"column":52}},"5":{"start":{"line":34,"column":0},"end":{"line":34,"column":68}},"6":{"start":{"line":59,"column":0},"end":{"line":59,"column":89}},"7":{"start":{"line":62,"column":0},"end":{"line":62,"column":23}}},"fnMap":{},"branchMap":{},"s":{"0":11,"1":11,"2":11,"3":11,"4":11,"5":11,"6":11,"7":11},"f":{},"b":{},"_coverageSchema":"1a1c01bbd47fc00a2c39e90264f33305004495a9","hash":"7f95ea660a509e5bcd275c82f3932d28ab80a23d"}
,"C:\\Users\\amitb\\CollabMe_Server\\routes\\offers_routes.js": {"path":"C:\\Users\\amitb\\CollabMe_Server\\routes\\offers_routes.js","statementMap":{"0":{"start":{"line":1,"column":16},"end":{"line":1,"column":34}},"1":{"start":{"line":2,"column":15},"end":{"line":2,"column":31}},"2":{"start":{"line":4,"column":14},"end":{"line":4,"column":46}},"3":{"start":{"line":5,"column":21},"end":{"line":5,"column":57}},"4":{"start":{"line":6,"column":20},"end":{"line":6,"column":52}},"5":{"start":{"line":7,"column":21},"end":{"line":7,"column":45}},"6":{"start":{"line":94,"column":0},"end":{"line":94,"column":55}},"7":{"start":{"line":121,"column":0},"end":{"line":121,"column":65}},"8":{"start":{"line":148,"column":0},"end":{"line":148,"column":60}},"9":{"start":{"line":171,"column":0},"end":{"line":171,"column":64}},"10":{"start":{"line":199,"column":0},"end":{"line":199,"column":60}},"11":{"start":{"line":203,"column":0},"end":{"line":203,"column":23}}},"fnMap":{},"branchMap":{},"s":{"0":11,"1":11,"2":11,"3":11,"4":11,"5":11,"6":11,"7":11,"8":11,"9":11,"10":11,"11":11},"f":{},"b":{},"_coverageSchema":"1a1c01bbd47fc00a2c39e90264f33305004495a9","hash":"ba286d6b09e389e98e34ef8c47a5c2aaf80ff353"}
,"C:\\Users\\amitb\\CollabMe_Server\\routes\\payment_routes.js": {"path":"C:\\Users\\amitb\\CollabMe_Server\\routes\\payment_routes.js","statementMap":{"0":{"start":{"line":1,"column":16},"end":{"line":1,"column":34}},"1":{"start":{"line":2,"column":15},"end":{"line":2,"column":31}},"2":{"start":{"line":4,"column":16},"end":{"line":4,"column":49}},"3":{"start":{"line":5,"column":21},"end":{"line":5,"column":57}},"4":{"start":{"line":72,"column":0},"end":{"line":72,"column":60}},"5":{"start":{"line":74,"column":0},"end":{"line":74,"column":23}}},"fnMap":{},"branchMap":{},"s":{"0":11,"1":11,"2":11,"3":11,"4":11,"5":11},"f":{},"b":{},"_coverageSchema":"1a1c01bbd47fc00a2c39e90264f33305004495a9","hash":"22f62f257585f37721c5b83dd3c9c10522c541cd"}
,"C:\\Users\\amitb\\CollabMe_Server\\routes\\search_routes.js": {"path":"C:\\Users\\amitb\\CollabMe_Server\\routes\\search_routes.js","statementMap":{"0":{"start":{"line":1,"column":16},"end":{"line":1,"column":34}},"1":{"start":{"line":2,"column":15},"end":{"line":2,"column":31}},"2":{"start":{"line":4,"column":14},"end":{"line":4,"column":46}},"3":{"start":{"line":5,"column":21},"end":{"line":5,"column":57}},"4":{"start":{"line":39,"column":0},"end":{"line":39,"column":94}},"5":{"start":{"line":66,"column":1},"end":{"line":66,"column":92}},"6":{"start":{"line":69,"column":0},"end":{"line":69,"column":23}}},"fnMap":{},"branchMap":{},"s":{"0":11,"1":11,"2":11,"3":11,"4":11,"5":11,"6":11},"f":{},"b":{},"_coverageSchema":"1a1c01bbd47fc00a2c39e90264f33305004495a9","hash":"482feac6b83c7edf963294ce501f7fd7f50ea835"}
,"C:\\Users\\amitb\\CollabMe_Server\\routes\\user_routes.js": {"path":"C:\\Users\\amitb\\CollabMe_Server\\routes\\user_routes.js","statementMap":{"0":{"start":{"line":1,"column":16},"end":{"line":1,"column":34}},"1":{"start":{"line":2,"column":15},"end":{"line":2,"column":31}},"2":{"start":{"line":4,"column":13},"end":{"line":4,"column":44}},"3":{"start":{"line":5,"column":21},"end":{"line":5,"column":57}},"4":{"start":{"line":102,"column":0},"end":{"line":102,"column":69}},"5":{"start":{"line":127,"column":0},"end":{"line":127,"column":62}},"6":{"start":{"line":144,"column":0},"end":{"line":144,"column":66}},"7":{"start":{"line":158,"column":0},"end":{"line":158,"column":58}},"8":{"start":{"line":182,"column":0},"end":{"line":182,"column":78}},"9":{"start":{"line":204,"column":0},"end":{"line":204,"column":68}},"10":{"start":{"line":225,"column":0},"end":{"line":225,"column":52}},"11":{"start":{"line":229,"column":0},"end":{"line":229,"column":23}}},"fnMap":{},"branchMap":{},"s":{"0":11,"1":11,"2":11,"3":11,"4":11,"5":11,"6":11,"7":11,"8":11,"9":11,"10":11,"11":11},"f":{},"b":{},"_coverageSchema":"1a1c01bbd47fc00a2c39e90264f33305004495a9","hash":"99175d32f5c42e41b09f361d3ac43fcc144fe984"}
}
