TN:
SF:server.js
FN:35,(anonymous_0)
FN:36,(anonymous_1)
FNF:2
FNH:1
FNDA:0,(anonymous_0)
FNDA:6,(anonymous_1)
DA:1,6
DA:2,6
DA:3,6
DA:4,6
DA:5,6
DA:8,6
DA:9,0
DA:10,0
DA:11,0
DA:23,0
DA:24,0
DA:29,6
DA:30,6
DA:33,6
DA:34,6
DA:35,6
DA:36,6
DA:38,6
DA:40,6
DA:41,6
DA:43,6
DA:44,6
DA:46,6
DA:47,6
DA:49,6
DA:50,6
DA:52,6
DA:53,6
DA:55,6
DA:56,6
DA:58,6
DA:59,6
DA:64,6
LF:33
LH:28
BRDA:8,0,0,0
BRDA:8,0,1,6
BRF:2
BRH:1
end_of_record
TN:
SF:common\auth_middleware.js
FN:4,(anonymous_0)
FN:9,(anonymous_1)
FNF:2
FNH:2
FNDA:12,(anonymous_0)
FNDA:12,(anonymous_1)
DA:2,6
DA:4,6
DA:5,12
DA:6,12
DA:7,12
DA:9,12
DA:10,12
DA:11,12
DA:12,12
DA:16,6
LF:10
LH:10
BRDA:6,0,0,12
BRDA:6,0,1,12
BRDA:7,1,0,0
BRDA:7,1,1,12
BRDA:10,2,0,0
BRDA:10,2,1,12
BRF:6
BRH:4
end_of_record
TN:
SF:controllers\auth.js
FN:6,(anonymous_0)
FN:13,(anonymous_1)
FN:64,(anonymous_2)
FN:98,(anonymous_3)
FN:103,(anonymous_4)
FN:132,(anonymous_5)
FN:136,(anonymous_6)
FN:156,(anonymous_7)
FNF:8
FNH:7
FNDA:1,(anonymous_0)
FNDA:7,(anonymous_1)
FNDA:7,(anonymous_2)
FNDA:1,(anonymous_3)
FNDA:1,(anonymous_4)
FNDA:1,(anonymous_5)
FNDA:1,(anonymous_6)
FNDA:0,(anonymous_7)
DA:1,6
DA:2,6
DA:3,6
DA:4,6
DA:6,6
DA:7,1
DA:13,6
DA:14,7
DA:15,7
DA:16,7
DA:17,7
DA:18,7
DA:19,7
DA:20,7
DA:21,7
DA:22,7
DA:23,7
DA:24,7
DA:25,7
DA:27,7
DA:28,7
DA:29,7
DA:30,1
DA:35,6
DA:36,6
DA:38,6
DA:52,6
DA:53,6
DA:56,0
DA:64,6
DA:65,7
DA:66,7
DA:67,7
DA:69,7
DA:70,7
DA:71,7
DA:73,6
DA:74,6
DA:76,6
DA:81,6
DA:85,6
DA:86,6
DA:87,6
DA:88,6
DA:93,0
DA:98,6
DA:99,1
DA:100,1
DA:101,1
DA:103,1
DA:104,1
DA:105,1
DA:106,1
DA:107,1
DA:108,1
DA:109,1
DA:110,0
DA:111,0
DA:112,0
DA:114,1
DA:118,1
DA:122,1
DA:123,1
DA:124,1
DA:126,0
DA:132,6
DA:133,1
DA:134,1
DA:135,1
DA:136,1
DA:137,1
DA:138,1
DA:139,1
DA:140,1
DA:141,1
DA:142,1
DA:143,0
DA:144,0
DA:145,0
DA:147,1
DA:148,1
DA:149,1
DA:151,0
DA:156,6
DA:157,0
DA:159,0
DA:160,0
DA:162,0
DA:169,6
LF:89
LH:75
BRDA:29,0,0,1
BRDA:29,0,1,6
BRDA:67,1,0,0
BRDA:67,1,1,7
BRDA:67,2,0,7
BRDA:67,2,1,7
BRDA:71,3,0,1
BRDA:71,3,1,6
BRDA:74,4,0,0
BRDA:74,4,1,6
BRDA:85,5,0,0
BRDA:85,5,1,6
BRDA:100,6,0,1
BRDA:100,6,1,1
BRDA:101,7,0,0
BRDA:101,7,1,1
BRDA:104,8,0,0
BRDA:104,8,1,1
BRDA:108,9,0,0
BRDA:108,9,1,1
BRDA:109,10,0,0
BRDA:109,10,1,1
BRDA:134,11,0,1
BRDA:134,11,1,1
BRDA:135,12,0,0
BRDA:135,12,1,1
BRDA:137,13,0,0
BRDA:137,13,1,1
BRDA:141,14,0,0
BRDA:141,14,1,1
BRDA:142,15,0,0
BRDA:142,15,1,1
BRF:32
BRH:21
end_of_record
TN:
SF:controllers\candidates.js
FN:6,(anonymous_0)
FNF:1
FNH:1
FNDA:1,(anonymous_0)
DA:1,6
DA:2,6
DA:3,6
DA:6,6
DA:7,1
DA:8,1
DA:9,1
DA:10,0
DA:13,1
DA:16,6
LF:10
LH:9
BRF:0
BRH:0
end_of_record
TN:
SF:controllers\images.js
FN:1,(anonymous_0)
FNF:1
FNH:0
FNDA:0,(anonymous_0)
DA:1,6
DA:2,0
DA:3,0
DA:4,0
DA:8,6
LF:5
LH:2
BRF:0
BRH:0
end_of_record
TN:
SF:controllers\offers.js
FN:3,(anonymous_0)
FN:15,(anonymous_1)
FN:29,(anonymous_2)
FN:60,(anonymous_3)
FN:65,(anonymous_4)
FN:75,(anonymous_5)
FN:91,(anonymous_6)
FNF:7
FNH:7
FNDA:1,(anonymous_0)
FNDA:1,(anonymous_1)
FNDA:2,(anonymous_2)
FNDA:1,(anonymous_3)
FNDA:1,(anonymous_4)
FNDA:1,(anonymous_5)
FNDA:1,(anonymous_6)
DA:1,6
DA:3,6
DA:4,1
DA:5,1
DA:6,1
DA:8,0
DA:15,6
DA:17,1
DA:18,1
DA:19,1
DA:20,1
DA:22,0
DA:29,6
DA:30,2
DA:31,2
DA:32,2
DA:33,2
DA:34,2
DA:35,2
DA:36,2
DA:37,2
DA:38,2
DA:39,2
DA:41,2
DA:54,2
DA:55,2
DA:60,6
DA:62,1
DA:63,1
DA:66,1
DA:67,0
DA:68,0
DA:70,1
DA:75,6
DA:76,1
DA:89,1
DA:92,1
DA:99,6
LF:38
LH:34
BRDA:66,0,0,0
BRDA:66,0,1,1
BRF:2
BRH:1
end_of_record
TN:
SF:controllers\search.js
FN:3,(anonymous_0)
FN:17,(anonymous_1)
FNF:2
FNH:0
FNDA:0,(anonymous_0)
FNDA:0,(anonymous_1)
DA:1,6
DA:3,6
DA:4,0
DA:5,0
DA:7,0
DA:8,0
DA:9,0
DA:10,0
DA:11,0
DA:12,0
DA:13,0
DA:15,0
DA:16,0
DA:17,0
DA:19,0
DA:21,0
DA:28,6
LF:17
LH:3
BRF:0
BRH:0
end_of_record
TN:
SF:controllers\users.js
FN:5,(anonymous_0)
FN:23,(anonymous_1)
FN:43,(anonymous_2)
FN:45,(anonymous_3)
FN:49,(anonymous_4)
FN:54,(anonymous_5)
FN:69,(anonymous_6)
FNF:7
FNH:6
FNDA:2,(anonymous_0)
FNDA:1,(anonymous_1)
FNDA:1,(anonymous_2)
FNDA:0,(anonymous_3)
FNDA:1,(anonymous_4)
FNDA:1,(anonymous_5)
FNDA:1,(anonymous_6)
DA:1,6
DA:2,6
DA:3,6
DA:5,6
DA:6,2
DA:7,2
DA:8,2
DA:9,1
DA:14,1
DA:16,1
DA:23,6
DA:24,1
DA:25,1
DA:41,1
DA:44,1
DA:49,6
DA:50,1
DA:51,1
DA:52,1
DA:55,1
DA:56,0
DA:61,1
DA:69,6
DA:70,1
DA:74,6
LF:25
LH:24
BRDA:8,0,0,1
BRDA:8,0,1,1
BRDA:55,1,0,0
BRDA:55,1,1,1
BRF:4
BRH:3
end_of_record
TN:
SF:models\offer_model.js
FNF:0
FNH:0
DA:1,6
DA:2,6
DA:4,6
DA:50,6
LF:4
LH:4
BRF:0
BRH:0
end_of_record
TN:
SF:models\user_model.js
FNF:0
FNH:0
DA:1,6
DA:3,6
DA:54,6
LF:3
LH:3
BRF:0
BRH:0
end_of_record
TN:
SF:routes\auth_routes.js
FNF:0
FNH:0
DA:1,6
DA:2,6
DA:4,6
DA:12,6
DA:15,6
DA:16,6
DA:17,6
DA:18,6
DA:20,6
LF:9
LH:9
BRF:0
BRH:0
end_of_record
TN:
SF:routes\candidates_routes.js
FNF:0
FNH:0
DA:1,6
DA:2,6
DA:4,6
DA:5,6
DA:7,6
DA:9,6
LF:6
LH:6
BRF:0
BRH:0
end_of_record
TN:
SF:routes\images_route.js
FN:6,(anonymous_0)
FN:9,(anonymous_1)
FNF:2
FNH:0
FNDA:0,(anonymous_0)
FNDA:0,(anonymous_1)
DA:1,6
DA:2,6
DA:3,6
DA:4,6
DA:5,6
DA:7,0
DA:10,0
DA:13,6
DA:16,6
DA:19,6
LF:10
LH:8
BRF:0
BRH:0
end_of_record
TN:
SF:routes\index.js
FN:4,(anonymous_0)
FNF:1
FNH:0
FNDA:0,(anonymous_0)
DA:1,6
DA:2,6
DA:4,6
DA:5,0
DA:8,6
LF:5
LH:4
BRF:0
BRH:0
end_of_record
TN:
SF:routes\offers_routes.js
FNF:0
FNH:0
DA:1,6
DA:2,6
DA:4,6
DA:5,6
DA:79,6
DA:102,6
DA:126,6
DA:147,6
DA:173,6
DA:177,6
LF:10
LH:10
BRF:0
BRH:0
end_of_record
TN:
SF:routes\search_routes.js
FNF:0
FNH:0
DA:1,6
DA:2,6
DA:4,6
DA:5,6
DA:7,6
DA:9,6
LF:6
LH:6
BRF:0
BRH:0
end_of_record
TN:
SF:routes\user_routes.js
FNF:0
FNH:0
DA:1,6
DA:2,6
DA:4,6
DA:5,6
DA:92,6
DA:135,6
DA:156,6
DA:178,6
DA:181,6
LF:9
LH:9
BRF:0
BRH:0
end_of_record
