TN:
SF:server.js
FN:43,(anonymous_0)
FN:44,(anonymous_1)
FNF:2
FNH:1
FNDA:0,(anonymous_0)
FNDA:10,(anonymous_1)
DA:1,10
DA:2,10
DA:3,10
DA:4,10
DA:5,10
DA:9,10
DA:10,0
DA:11,0
DA:12,0
DA:26,0
DA:28,0
DA:33,10
DA:34,10
DA:41,10
DA:42,10
DA:43,10
DA:44,10
DA:46,10
DA:48,10
DA:49,10
DA:51,10
DA:52,10
DA:54,10
DA:55,10
DA:57,10
DA:58,10
DA:60,10
DA:61,10
DA:63,10
DA:64,10
DA:66,10
DA:67,10
DA:69,10
DA:70,10
DA:72,10
DA:73,10
DA:76,10
LF:37
LH:32
BRDA:9,0,0,0
BRDA:9,0,1,10
BRF:2
BRH:1
end_of_record
TN:
SF:common\auth_middleware.js
FN:4,(anonymous_0)
FN:10,(anonymous_1)
FNF:2
FNH:2
FNDA:22,(anonymous_0)
FNDA:22,(anonymous_1)
DA:2,10
DA:4,10
DA:5,22
DA:7,22
DA:8,22
DA:10,22
DA:11,22
DA:12,22
DA:13,22
DA:17,10
LF:10
LH:10
BRDA:7,0,0,22
BRDA:7,0,1,22
BRDA:8,1,0,0
BRDA:8,1,1,22
BRDA:11,2,0,0
BRDA:11,2,1,22
BRF:6
BRH:4
end_of_record
TN:
SF:controllers\auth.js
FN:6,(anonymous_0)
FN:13,(anonymous_1)
FN:69,(anonymous_2)
FN:110,(anonymous_3)
FN:115,(anonymous_4)
FN:144,(anonymous_5)
FN:149,(anonymous_6)
FN:169,(anonymous_7)
FNF:8
FNH:8
FNDA:5,(anonymous_0)
FNDA:11,(anonymous_1)
FNDA:14,(anonymous_2)
FNDA:3,(anonymous_3)
FNDA:3,(anonymous_4)
FNDA:2,(anonymous_5)
FNDA:2,(anonymous_6)
FNDA:2,(anonymous_7)
DA:1,10
DA:2,10
DA:3,10
DA:4,10
DA:6,10
DA:7,5
DA:13,10
DA:15,11
DA:16,11
DA:17,11
DA:18,11
DA:19,11
DA:20,11
DA:21,11
DA:22,11
DA:23,11
DA:24,11
DA:25,11
DA:26,11
DA:27,11
DA:28,11
DA:30,11
DA:31,11
DA:32,11
DA:33,1
DA:38,10
DA:39,10
DA:41,9
DA:57,9
DA:58,9
DA:61,1
DA:69,10
DA:76,14
DA:77,14
DA:79,14
DA:81,12
DA:82,12
DA:83,12
DA:85,10
DA:86,9
DA:88,9
DA:93,9
DA:97,9
DA:98,9
DA:99,9
DA:100,9
DA:105,1
DA:110,10
DA:111,3
DA:112,3
DA:113,3
DA:115,3
DA:116,3
DA:117,2
DA:118,2
DA:119,2
DA:120,2
DA:121,2
DA:122,1
DA:123,1
DA:124,1
DA:126,1
DA:130,1
DA:134,1
DA:135,1
DA:136,1
DA:138,0
DA:144,10
DA:145,2
DA:147,2
DA:148,2
DA:149,2
DA:150,2
DA:151,2
DA:152,2
DA:153,2
DA:154,2
DA:155,2
DA:156,1
DA:157,1
DA:158,1
DA:160,1
DA:161,1
DA:162,1
DA:164,0
DA:169,10
DA:170,2
DA:172,2
DA:173,2
DA:174,1
DA:176,1
DA:182,1
DA:189,10
LF:93
LH:91
BRDA:32,0,0,1
BRDA:32,0,1,10
BRDA:79,1,0,2
BRDA:79,1,1,12
BRDA:79,2,0,14
BRDA:79,2,1,12
BRDA:83,3,0,2
BRDA:83,3,1,10
BRDA:86,4,0,0
BRDA:86,4,1,9
BRDA:97,5,0,0
BRDA:97,5,1,9
BRDA:112,6,0,3
BRDA:112,6,1,3
BRDA:113,7,0,0
BRDA:113,7,1,3
BRDA:116,8,0,1
BRDA:116,8,1,2
BRDA:120,9,0,0
BRDA:120,9,1,2
BRDA:121,10,0,1
BRDA:121,10,1,1
BRDA:147,11,0,2
BRDA:147,11,1,2
BRDA:148,12,0,0
BRDA:148,12,1,2
BRDA:150,13,0,0
BRDA:150,13,1,2
BRDA:154,14,0,0
BRDA:154,14,1,2
BRDA:155,15,0,1
BRDA:155,15,1,1
BRDA:173,16,0,1
BRDA:173,16,1,1
BRF:34
BRH:27
end_of_record
TN:
SF:controllers\candidates.js
FN:6,(anonymous_0)
FN:16,(anonymous_1)
FN:37,(anonymous_2)
FNF:3
FNH:2
FNDA:1,(anonymous_0)
FNDA:1,(anonymous_1)
FNDA:0,(anonymous_2)
DA:1,10
DA:2,10
DA:3,10
DA:4,10
DA:6,10
DA:7,1
DA:8,1
DA:9,1
DA:10,1
DA:13,1
DA:16,10
DA:17,1
DA:19,1
DA:20,1
DA:21,1
DA:22,1
DA:23,1
DA:24,1
DA:26,1
DA:27,1
DA:34,1
DA:37,10
DA:39,0
DA:41,0
DA:43,0
DA:45,0
DA:47,0
DA:56,10
LF:28
LH:23
BRDA:23,0,0,1
BRDA:23,0,1,0
BRDA:24,1,0,1
BRDA:24,1,1,0
BRF:4
BRH:2
end_of_record
TN:
SF:controllers\mediacontent.js
FN:3,(anonymous_0)
FN:32,(anonymous_1)
FNF:2
FNH:0
FNDA:0,(anonymous_0)
FNDA:0,(anonymous_1)
DA:1,10
DA:3,10
DA:4,0
DA:5,0
DA:6,0
DA:9,0
DA:10,0
DA:19,0
DA:22,0
DA:32,10
DA:33,0
DA:34,0
DA:36,0
DA:39,0
DA:46,10
LF:15
LH:4
BRF:0
BRH:0
end_of_record
TN:
SF:controllers\offers.js
FN:3,(anonymous_0)
FN:12,(anonymous_1)
FN:34,(anonymous_2)
FN:69,(anonymous_3)
FN:74,(anonymous_4)
FN:83,(anonymous_5)
FN:100,(anonymous_6)
FNF:7
FNH:7
FNDA:1,(anonymous_0)
FNDA:2,(anonymous_1)
FNDA:3,(anonymous_2)
FNDA:1,(anonymous_3)
FNDA:1,(anonymous_4)
FNDA:1,(anonymous_5)
FNDA:1,(anonymous_6)
DA:1,10
DA:3,10
DA:4,1
DA:5,1
DA:6,1
DA:12,10
DA:15,2
DA:16,2
DA:17,2
DA:18,1
DA:24,1
DA:27,1
DA:34,10
DA:35,3
DA:36,3
DA:37,3
DA:38,3
DA:39,3
DA:40,3
DA:41,3
DA:42,3
DA:43,3
DA:44,3
DA:45,3
DA:48,3
DA:63,3
DA:64,3
DA:69,10
DA:71,1
DA:72,1
DA:75,1
DA:76,0
DA:78,1
DA:83,10
DA:84,1
DA:98,1
DA:101,1
DA:108,10
LF:38
LH:37
BRDA:17,0,0,1
BRDA:17,0,1,1
BRDA:75,1,0,0
BRDA:75,1,1,1
BRF:4
BRH:3
end_of_record
TN:
SF:controllers\payment.js
FN:4,(anonymous_0)
FNF:1
FNH:1
FNDA:1,(anonymous_0)
DA:1,10
DA:4,10
DA:6,1
DA:7,1
DA:8,1
DA:9,1
DA:10,1
DA:11,1
DA:12,1
DA:15,1
DA:26,1
DA:27,1
DA:32,10
LF:13
LH:13
BRF:0
BRH:0
end_of_record
TN:
SF:controllers\search.js
FN:3,(anonymous_0)
FN:18,(anonymous_1)
FN:29,(anonymous_2)
FN:57,(anonymous_3)
FN:72,(anonymous_4)
FN:87,(anonymous_5)
FN:102,(anonymous_6)
FN:118,(anonymous_7)
FN:121,(anonymous_8)
FNF:9
FNH:4
FNDA:1,(anonymous_0)
FNDA:5,(anonymous_1)
FNDA:3,(anonymous_2)
FNDA:0,(anonymous_3)
FNDA:0,(anonymous_4)
FNDA:0,(anonymous_5)
FNDA:1,(anonymous_6)
FNDA:0,(anonymous_7)
FNDA:0,(anonymous_8)
DA:1,10
DA:3,10
DA:5,1
DA:7,1
DA:9,1
DA:10,1
DA:11,1
DA:12,1
DA:13,1
DA:14,1
DA:16,1
DA:17,1
DA:18,5
DA:20,1
DA:22,0
DA:29,10
DA:31,3
DA:32,3
DA:33,3
DA:34,3
DA:35,3
DA:36,3
DA:37,3
DA:38,3
DA:43,3
DA:44,3
DA:45,3
DA:47,3
DA:48,2
DA:49,2
DA:55,3
DA:56,2
DA:57,1
DA:60,1
DA:61,1
DA:67,3
DA:71,1
DA:72,1
DA:74,1
DA:76,0
DA:78,0
DA:85,3
DA:86,2
DA:87,2
DA:90,0
DA:91,0
DA:98,3
DA:100,3
DA:102,3
DA:106,3
DA:108,0
DA:109,0
DA:115,3
DA:117,1
DA:118,1
DA:121,1
DA:126,0
DA:130,0
DA:138,3
DA:140,0
DA:148,10
LF:61
LH:51
BRDA:47,0,0,2
BRDA:47,0,1,1
BRDA:55,1,0,2
BRDA:55,1,1,1
BRDA:56,2,0,1
BRDA:56,2,1,1
BRDA:67,3,0,1
BRDA:67,3,1,2
BRDA:67,4,0,3
BRDA:67,4,1,1
BRDA:71,5,0,1
BRDA:71,5,1,0
BRDA:72,6,0,0
BRDA:72,6,1,0
BRDA:85,7,0,2
BRDA:85,7,1,1
BRDA:86,8,0,2
BRDA:86,8,1,0
BRDA:98,9,0,3
BRDA:98,9,1,0
BRDA:98,10,0,3
BRDA:98,10,1,3
BRDA:98,10,2,3
BRDA:100,11,0,3
BRDA:100,11,1,0
BRDA:115,12,0,1
BRDA:115,12,1,2
BRDA:115,13,0,3
BRDA:115,13,1,1
BRDA:117,14,0,1
BRDA:117,14,1,0
BRF:31
BRH:24
end_of_record
TN:
SF:controllers\users.js
FN:5,(anonymous_0)
FN:24,(anonymous_1)
FN:42,(anonymous_2)
FN:65,(anonymous_3)
FN:67,(anonymous_4)
FN:71,(anonymous_5)
FN:99,(anonymous_6)
FN:101,(anonymous_7)
FN:105,(anonymous_8)
FN:110,(anonymous_9)
FN:125,(anonymous_10)
FNF:11
FNH:7
FNDA:2,(anonymous_0)
FNDA:2,(anonymous_1)
FNDA:1,(anonymous_2)
FNDA:1,(anonymous_3)
FNDA:0,(anonymous_4)
FNDA:0,(anonymous_5)
FNDA:0,(anonymous_6)
FNDA:0,(anonymous_7)
FNDA:1,(anonymous_8)
FNDA:1,(anonymous_9)
FNDA:1,(anonymous_10)
DA:1,10
DA:2,10
DA:3,10
DA:5,10
DA:7,2
DA:8,2
DA:9,2
DA:10,1
DA:15,1
DA:17,1
DA:24,10
DA:25,2
DA:26,2
DA:27,2
DA:28,1
DA:33,1
DA:35,1
DA:42,10
DA:44,1
DA:45,1
DA:63,1
DA:66,1
DA:71,10
DA:73,0
DA:74,0
DA:76,0
DA:77,0
DA:79,0
DA:97,0
DA:100,0
DA:105,10
DA:106,1
DA:107,1
DA:108,1
DA:111,1
DA:112,0
DA:117,1
DA:125,10
DA:126,1
DA:130,10
LF:40
LH:32
BRDA:9,0,0,1
BRDA:9,0,1,1
BRDA:27,1,0,1
BRDA:27,1,1,1
BRDA:111,2,0,0
BRDA:111,2,1,1
BRF:6
BRH:5
end_of_record
TN:
SF:models\offer_model.js
FNF:0
FNH:0
DA:1,10
DA:2,10
DA:4,10
DA:58,10
LF:4
LH:4
BRF:0
BRH:0
end_of_record
TN:
SF:models\payment_model.js
FNF:0
FNH:0
DA:2,10
DA:4,10
DA:39,10
LF:3
LH:3
BRF:0
BRH:0
end_of_record
TN:
SF:models\user_model.js
FNF:0
FNH:0
DA:1,10
DA:3,10
DA:63,10
LF:3
LH:3
BRF:0
BRH:0
end_of_record
TN:
SF:routes\auth_routes.js
FNF:0
FNH:0
DA:1,10
DA:2,10
DA:3,10
DA:5,10
DA:90,10
DA:113,10
DA:127,10
DA:141,10
DA:167,10
DA:169,10
LF:10
LH:10
BRF:0
BRH:0
end_of_record
TN:
SF:routes\candidates_routes.js
FNF:0
FNH:0
DA:1,10
DA:2,10
DA:4,10
DA:5,10
DA:40,10
DA:68,10
DA:94,10
DA:97,10
LF:8
LH:8
BRF:0
BRH:0
end_of_record
TN:
SF:routes\images_route.js
FN:14,(anonymous_0)
FN:15,(anonymous_1)
FN:27,(anonymous_2)
FN:34,(anonymous_3)
FN:39,(anonymous_4)
FNF:5
FNH:5
FNDA:1,(anonymous_0)
FNDA:1,(anonymous_1)
FNDA:1,(anonymous_2)
FNDA:2,(anonymous_3)
FNDA:2,(anonymous_4)
DA:1,10
DA:2,10
DA:3,10
DA:6,10
DA:7,10
DA:8,10
DA:9,10
DA:11,10
DA:12,10
DA:15,1
DA:16,1
DA:17,0
DA:19,1
DA:23,10
DA:27,10
DA:28,1
DA:29,1
DA:30,1
DA:34,10
DA:35,2
DA:36,2
DA:37,1
DA:39,2
DA:40,2
DA:41,2
DA:42,1
DA:44,1
DA:53,10
LF:28
LH:27
BRDA:16,0,0,0
BRDA:16,0,1,1
BRDA:28,1,0,0
BRDA:28,1,1,1
BRDA:36,2,0,1
BRDA:36,2,1,1
BRF:6
BRH:4
end_of_record
TN:
SF:routes\index.js
FN:4,(anonymous_0)
FNF:1
FNH:1
FNDA:1,(anonymous_0)
DA:1,10
DA:2,10
DA:4,10
DA:5,1
DA:8,10
LF:5
LH:5
BRF:0
BRH:0
end_of_record
TN:
SF:routes\mediacontent_routes.js
FNF:0
FNH:0
DA:1,10
DA:2,10
DA:4,10
DA:5,10
DA:6,10
DA:34,10
DA:60,10
DA:63,10
LF:8
LH:8
BRF:0
BRH:0
end_of_record
TN:
SF:routes\offers_routes.js
FNF:0
FNH:0
DA:1,10
DA:2,10
DA:4,10
DA:5,10
DA:6,10
DA:7,10
DA:94,10
DA:121,10
DA:148,10
DA:171,10
DA:199,10
DA:203,10
LF:12
LH:12
BRF:0
BRH:0
end_of_record
TN:
SF:routes\payment_routes.js
FNF:0
FNH:0
DA:1,10
DA:2,10
DA:4,10
DA:5,10
DA:72,10
DA:74,10
LF:6
LH:6
BRF:0
BRH:0
end_of_record
TN:
SF:routes\search_routes.js
FNF:0
FNH:0
DA:1,10
DA:2,10
DA:4,10
DA:5,10
DA:37,10
DA:62,10
DA:65,10
LF:7
LH:7
BRF:0
BRH:0
end_of_record
TN:
SF:routes\user_routes.js
FNF:0
FNH:0
DA:1,10
DA:2,10
DA:4,10
DA:5,10
DA:102,10
DA:127,10
DA:144,10
DA:158,10
DA:182,10
DA:204,10
DA:207,10
LF:11
LH:11
BRF:0
BRH:0
end_of_record
